#
# There is insufficient memory for the Java Runtime Environment to continue.
# Native memory allocation (mmap) failed to map 132120576 bytes for G1 virtual space
# Possible reasons:
#   The system is out of physical RAM or swap space
#   The process is running with CompressedOops enabled, and the Java Heap may be blocking the growth of the native heap
# Possible solutions:
#   Reduce memory load on the system
#   Increase physical memory or swap space
#   Check if swap backing store is full
#   Decrease Java heap size (-Xmx/-Xms)
#   Decrease number of Java threads
#   Decrease Java thread stack sizes (-Xss)
#   Set larger code cache with -XX:ReservedCodeCacheSize=
#   JVM is running with Unscaled Compressed Oops mode in which the Java heap is
#     placed in the first 4GB address space. The Java Heap base address is the
#     maximum limit for the native heap growth. Please use -XX:HeapBaseMinAddress
#     to set the Java Heap base and to place the Java Heap above 4GB virtual address.
# This output file may be truncated or incomplete.
#
#  Out of Memory Error (os_windows.cpp:3466), pid=18492, tid=18024
#
# JRE version:  (16.0.2+7) (build )
# Java VM: OpenJDK 64-Bit Server VM (16.0.2+7-67, mixed mode, sharing, tiered, compressed oops, compressed class ptrs, g1 gc, windows-amd64)
# No core dump will be written. Minidumps are not enabled by default on client versions of Windows
#

---------------  S U M M A R Y ------------

Command Line: -Dfile.encoding=windows-1252 -Duser.country=CL -Duser.language=es -Duser.variant com.aventurasdemarcoyluis.controller.GameExample

Host: Intel(R) Core(TM) i5-9300H CPU @ 2.40GHz, 8 cores, 7G,  Windows 10 , 64 bit Build 18362 (10.0.18362.1500)
Time: Mon Nov  8 22:44:45 2021 Hora verano Sudamérica Pacífico elapsed time: 0.010316 seconds (0d 0h 0m 0s)

---------------  T H R E A D  ---------------

Current thread (0x000001f6d2464cd0):  JavaThread "Unknown thread" [_thread_in_vm, id=18024, stack(0x0000004397f00000,0x0000004398000000)]

Stack: [0x0000004397f00000,0x0000004398000000]
Native frames: (J=compiled Java code, j=interpreted, Vv=VM code, C=native code)
V  [jvm.dll+0x6681ca]
V  [jvm.dll+0x7c9e69]
V  [jvm.dll+0x7cb61e]
V  [jvm.dll+0x7cbc73]
V  [jvm.dll+0x242c55]
V  [jvm.dll+0x664f89]
V  [jvm.dll+0x659b75]
V  [jvm.dll+0x2fbfbb]
V  [jvm.dll+0x3031b6]
V  [jvm.dll+0x35299e]
V  [jvm.dll+0x352bcf]
V  [jvm.dll+0x2d3028]
V  [jvm.dll+0x2d4264]
V  [jvm.dll+0x79c741]
V  [jvm.dll+0x360791]
V  [jvm.dll+0x77a3f0]
V  [jvm.dll+0x3e4e8f]
V  [jvm.dll+0x3e6961]
C  [jli.dll+0x52fb]
C  [ucrtbase.dll+0x210b2]
C  [KERNEL32.DLL+0x17c24]
C  [ntdll.dll+0x6d721]


---------------  P R O C E S S  ---------------

Threads class SMR info:
_java_thread_list=0x00007ffd4358cbb8, length=0, elements={
}

Java Threads: ( => current thread )

Other Threads:
  0x000001f6d24a3be0 GCTaskThread "GC Thread#0" [stack: 0x0000004398000000,0x0000004398100000] [id=864]
  0x000001f6d24b5750 ConcurrentGCThread "G1 Main Marker" [stack: 0x0000004398100000,0x0000004398200000] [id=16492]
  0x000001f6d24b6870 ConcurrentGCThread "G1 Conc#0" [stack: 0x0000004398200000,0x0000004398300000] [id=18380]

[error occurred during error reporting (printing all threads), id 0xc0000005, EXCEPTION_ACCESS_VIOLATION (0xc0000005) at pc=0x00007ffd42d63ee7]

VM state: not at safepoint (not fully initialized)

VM Mutex/Monitor currently owned by a thread:  ([mutex/lock_event])
[0x000001f6d02bcd20] Heap_lock - owner thread: 0x000001f6d2464cd0

Heap address: 0x0000000082600000, size: 2010 MB, Compressed Oops mode: 32-bit

CDS archive(s) mapped at: [0x0000000000000000-0x0000000000000000-0x0000000000000000), size 0, SharedBaseAddress: 0x0000000800000000, ArchiveRelocationMode: 0.
Narrow klass base: 0x0000000000000000, Narrow klass shift: 0, Narrow klass range: 0x0

GC Precious Log:
<Empty>

Heap:
 garbage-first heap   total 0K, used 0K [0x0000000082600000, 0x0000000100000000)
  region size 1024K, 0 young (0K), 0 survivors (0K)

[error occurred during error reporting (printing heap information), id 0xc0000005, EXCEPTION_ACCESS_VIOLATION (0xc0000005) at pc=0x00007ffd43141eed]

GC Heap History (0 events):
No events

Deoptimization events (0 events):
No events

Classes unloaded (0 events):
No events

Classes redefined (0 events):
No events

Internal exceptions (0 events):
No events

Events (1 events):
Event: 0.005 Loaded shared library C:\Program Files\OpenJDK\jdk-16.0.2\bin\java.dll


Dynamic libraries:
0x00007ff7503c0000 - 0x00007ff7503ce000 	C:\Program Files\OpenJDK\jdk-16.0.2\bin\java.exe
0x00007ffd94c80000 - 0x00007ffd94e70000 	C:\windows\SYSTEM32\ntdll.dll
0x00007ffd70af0000 - 0x00007ffd70b05000 	C:\Program Files\AVG\Antivirus\aswhook.dll
0x00007ffd949f0000 - 0x00007ffd94aa2000 	C:\windows\System32\KERNEL32.DLL
0x00007ffd91ff0000 - 0x00007ffd92295000 	C:\windows\System32\KERNELBASE.dll
0x00007ffd91ef0000 - 0x00007ffd91fea000 	C:\windows\System32\ucrtbase.dll
0x00007ffd8c200000 - 0x00007ffd8c218000 	C:\Program Files\OpenJDK\jdk-16.0.2\bin\jli.dll
0x00007ffd8bfb0000 - 0x00007ffd8bfc9000 	C:\Program Files\OpenJDK\jdk-16.0.2\bin\VCRUNTIME140.dll
0x00007ffd93590000 - 0x00007ffd93724000 	C:\windows\System32\USER32.dll
0x00007ffd91c20000 - 0x00007ffd91c41000 	C:\windows\System32\win32u.dll
0x00007ffd76910000 - 0x00007ffd76b94000 	C:\windows\WinSxS\amd64_microsoft.windows.common-controls_6595b64144ccf1df_6.0.18362.1556_none_9e7e372fe45e41d5\COMCTL32.dll
0x00007ffd93560000 - 0x00007ffd93586000 	C:\windows\System32\GDI32.dll
0x00007ffd91cf0000 - 0x00007ffd91e88000 	C:\windows\System32\gdi32full.dll
0x00007ffd93180000 - 0x00007ffd9321e000 	C:\windows\System32\msvcrt.dll
0x00007ffd91c50000 - 0x00007ffd91cee000 	C:\windows\System32\msvcp_win.dll
0x00007ffd93220000 - 0x00007ffd93556000 	C:\windows\System32\combase.dll
0x00007ffd93e80000 - 0x00007ffd93f9f000 	C:\windows\System32\RPCRT4.dll
0x00007ffd92470000 - 0x00007ffd924f1000 	C:\windows\System32\bcryptPrimitives.dll
0x00007ffd930a0000 - 0x00007ffd930ce000 	C:\windows\System32\IMM32.DLL
0x00007ffd8c2a0000 - 0x00007ffd8c2ac000 	C:\Program Files\OpenJDK\jdk-16.0.2\bin\vcruntime140_1.dll
0x00007ffd87c80000 - 0x00007ffd87d11000 	C:\Program Files\OpenJDK\jdk-16.0.2\bin\msvcp140.dll
0x00007ffd42a80000 - 0x00007ffd4362b000 	C:\Program Files\OpenJDK\jdk-16.0.2\bin\server\jvm.dll
0x00007ffd930d0000 - 0x00007ffd93173000 	C:\windows\System32\ADVAPI32.dll
0x00007ffd93de0000 - 0x00007ffd93e77000 	C:\windows\System32\sechost.dll
0x00007ffd947d0000 - 0x00007ffd947d8000 	C:\windows\System32\PSAPI.DLL
0x00007ffd84900000 - 0x00007ffd8490a000 	C:\windows\SYSTEM32\VERSION.dll
0x00007ffd79f80000 - 0x00007ffd79f89000 	C:\windows\SYSTEM32\WSOCK32.dll
0x00007ffd8f8a0000 - 0x00007ffd8f8c4000 	C:\windows\SYSTEM32\WINMM.dll
0x00007ffd93860000 - 0x00007ffd938cf000 	C:\windows\System32\WS2_32.dll
0x00007ffd8f770000 - 0x00007ffd8f79d000 	C:\windows\SYSTEM32\WINMMBASE.dll
0x00007ffd922c0000 - 0x00007ffd9230a000 	C:\windows\System32\cfgmgr32.dll
0x00007ffd91b40000 - 0x00007ffd91b51000 	C:\windows\System32\kernel.appcore.dll
0x00007ffd8c170000 - 0x00007ffd8c17a000 	C:\Program Files\OpenJDK\jdk-16.0.2\bin\jimage.dll
0x00007ffd90430000 - 0x00007ffd90624000 	C:\windows\SYSTEM32\DBGHELP.DLL
0x00007ffd7b940000 - 0x00007ffd7b96a000 	C:\windows\SYSTEM32\dbgcore.DLL
0x00007ffd8a480000 - 0x00007ffd8a4a5000 	C:\Program Files\OpenJDK\jdk-16.0.2\bin\java.dll

dbghelp: loaded successfully - version: 4.0.5 - missing functions: none
symbol engine: initialized successfully - sym options: 0x614 - pdb path: .;C:\Program Files\OpenJDK\jdk-16.0.2\bin;C:\windows\SYSTEM32;C:\Program Files\AVG\Antivirus;C:\windows\WinSxS\amd64_microsoft.windows.common-controls_6595b64144ccf1df_6.0.18362.1556_none_9e7e372fe45e41d5;C:\Program Files\OpenJDK\jdk-16.0.2\bin\server

VM Arguments:
jvm_args: -Dfile.encoding=windows-1252 -Duser.country=CL -Duser.language=es -Duser.variant 
java_command: com.aventurasdemarcoyluis.controller.GameExample
java_class_path (initial): D:\Universidad\Tareas Metodologías\aventurasdemarcosyluis-EnigmaPC\build\classes\java\main;D:\Universidad\Tareas Metodologías\aventurasdemarcosyluis-EnigmaPC\build\resources\main;C:\Users\repue\.gradle\caches\modules-2\files-2.1\org.openjfx\javafx-fxml\16\369f646fc29d2223cc98cfc3c059f2409b3e8fcb\javafx-fxml-16-win.jar;C:\Users\repue\.gradle\caches\modules-2\files-2.1\org.openjfx\javafx-controls\16\65cdeae29c67d25932dcc66ca4f7d269923631ba\javafx-controls-16-win.jar;C:\Users\repue\.gradle\caches\modules-2\files-2.1\org.openjfx\javafx-controls\16\d8334d505d5eb64400ae57f989c3db9dd47dcee3\javafx-controls-16.jar;C:\Users\repue\.gradle\caches\modules-2\files-2.1\org.openjfx\javafx-graphics\16\cd18f8477818b40cfdbcfec7e2fc15f632f0a2f\javafx-graphics-16-win.jar;C:\Users\repue\.gradle\caches\modules-2\files-2.1\org.openjfx\javafx-graphics\16\ddd09436524cfea7995db18f93b6c9a2ec54bff3\javafx-graphics-16.jar;C:\Users\repue\.gradle\caches\modules-2\files-2.1\org.openjfx\javafx-base\16\e0564fea3f27dd3a10fa62e5005612333fc244bc\javafx-base-16-win.jar;C:\Users\repue\.gradle\caches\modules-2\files-2.1\org.openjfx\javafx-base\16\56c3d09fb6cb5136ce9abc1d0d6a6914e0eed944\javafx-base-16.jar;C:\Users\repue\.gradle\caches\modules-2\files-2.1\org.jetbrains\annotations\20.1.0\2fcd1f3225bca0c4a7bc931142076f8c1e80993f\annotations-20.1.0.jar
Launcher Type: SUN_STANDARD

[Global flags]
     intx CICompilerCount                          = 4                                         {product} {ergonomic}
     uint ConcGCThreads                            = 2                                         {product} {ergonomic}
     uint G1ConcRefinementThreads                  = 8                                         {product} {ergonomic}
   size_t G1HeapRegionSize                         = 1048576                                   {product} {ergonomic}
    uintx GCDrainStackTargetSize                   = 64                                        {product} {ergonomic}
   size_t InitialHeapSize                          = 132120576                                 {product} {ergonomic}
   size_t MarkStackSize                            = 4194304                                   {product} {ergonomic}
   size_t MaxHeapSize                              = 2107637760                                {product} {ergonomic}
   size_t MinHeapDeltaBytes                        = 1048576                                   {product} {ergonomic}
   size_t MinHeapSize                              = 8388608                                   {product} {ergonomic}
    uintx NonNMethodCodeHeapSize                   = 5839372                                {pd product} {ergonomic}
    uintx NonProfiledCodeHeapSize                  = 122909434                              {pd product} {ergonomic}
    uintx ProfiledCodeHeapSize                     = 122909434                              {pd product} {ergonomic}
    uintx ReservedCodeCacheSize                    = 251658240                              {pd product} {ergonomic}
     bool SegmentedCodeCache                       = true                                      {product} {ergonomic}
   size_t SoftMaxHeapSize                          = 2107637760                             {manageable} {ergonomic}
     bool UseCompressedClassPointers               = true                           {product lp64_product} {ergonomic}
     bool UseCompressedOops                        = true                           {product lp64_product} {ergonomic}
     bool UseG1GC                                  = true                                      {product} {ergonomic}
     bool UseLargePagesIndividualAllocation        = false                                  {pd product} {ergonomic}

Logging:
Log output configuration:
 #0: stdout all=warning uptime,level,tags
 #1: stderr all=off uptime,level,tags

Environment Variables:
JAVA_HOME=C:\Program Files\OpenJDK\jdk-16.0.2
PATH=D:\Program Files\Zulu\zulu-15\bin\;C:\Program Files (x86)\Common Files\Intel\Shared Libraries\redist\intel64\compiler;C:\Program Files (x86)\Common Files\Oracle\Java\javapath;C:\windows\system32;C:\windows;C:\windows\System32\Wbem;C:\windows\System32\WindowsPowerShell\v1.0\;C:\windows\System32\OpenSSH\;C:\Program Files (x86)\NVIDIA Corporation\PhysX\Common;D:\Program Files\NVIDIA Corporation\NVIDIA NvDLISR;C:\ProgramData\chocolatey\bin;C:\Program Files\OpenJDK\jdk-16.0.2\bin;C:\Program Files\jdk-15\bin;C:\Program Files\Java\jdk-15\bin;C:\Program Files\Java\jdk-15\bin;D:\Program Files\PuTTY\;D:\Program Files\Git\cmd;C:\Users\repue\.cargo\bin;C:\Users\repue\AppData\Local\Programs\Python\Launcher\;C:\Users\repue\AppData\Local\Microsoft\WindowsApps;C:\Users\repue\AppData\Local\GitHubDesktop\bin;D:\VSCode\Microsoft VS Code\bin;D:\Program Files\JetBrains\IntelliJ IDEA 2021.2\bin;;D:\Program Files\JetBrains\PyCharm 2021.2.2\bin;;D:\Program Files\JetBrains\CLion 2021.2.2\bin;
USERNAME=Andrea PC
OS=Windows_NT
PROCESSOR_IDENTIFIER=Intel64 Family 6 Model 158 Stepping 10, GenuineIntel



---------------  S Y S T E M  ---------------

OS:
 Windows 10 , 64 bit Build 18362 (10.0.18362.1500)
OS uptime: 4 days 10:34 hours

CPU: total 8 (initial active 8) (4 cores per cpu, 2 threads per core) family 6 model 158 stepping 10 microcode 0xde, cx8, cmov, fxsr, ht, mmx, 3dnowpref, sse, sse2, sse3, ssse3, sse4.1, sse4.2, popcnt, lzcnt, tsc, tscinvbit, avx, avx2, aes, erms, clmul, bmi1, bmi2, adx, fma, vzeroupper, clflush, clflushopt

Memory: 4k page, system-wide physical 8033M (663M free)
TotalPageFile size 12129M (AvailPageFile size 125M)
current process WorkingSet (physical memory assigned to process): 10M, peak: 10M
current process commit charge ("private bytes"): 60M, peak: 186M

vm_info: OpenJDK 64-Bit Server VM (16.0.2+7-67) for windows-amd64 JRE (16.0.2+7-67), built on Jun  8 2021 23:21:43 by "mach5one" with MS VC++ 16.7 (VS2019)

END.
