#
# There is insufficient memory for the Java Runtime Environment to continue.
# Native memory allocation (malloc) failed to allocate 1048576 bytes for AllocateHeap
# Possible reasons:
#   The system is out of physical RAM or swap space
#   The process is running with CompressedOops enabled, and the Java Heap may be blocking the growth of the native heap
# Possible solutions:
#   Reduce memory load on the system
#   Increase physical memory or swap space
#   Check if swap backing store is full
#   Decrease Java heap size (-Xmx/-Xms)
#   Decrease number of Java threads
#   Decrease Java thread stack sizes (-Xss)
#   Set larger code cache with -XX:ReservedCodeCacheSize=
#   JVM is running with Unscaled Compressed Oops mode in which the Java heap is
#     placed in the first 4GB address space. The Java Heap base address is the
#     maximum limit for the native heap growth. Please use -XX:HeapBaseMinAddress
#     to set the Java Heap base and to place the Java Heap above 4GB virtual address.
# This output file may be truncated or incomplete.
#
#  Out of Memory Error (allocation.cpp:44), pid=13064, tid=14032
#
# JRE version:  (16.0.2+7) (build )
# Java VM: OpenJDK 64-Bit Server VM (16.0.2+7-67, mixed mode, sharing, tiered, compressed oops, compressed class ptrs, g1 gc, windows-amd64)
# No core dump will be written. Minidumps are not enabled by default on client versions of Windows
#

---------------  S U M M A R Y ------------

Command Line: -Dfile.encoding=windows-1252 -Duser.country=CL -Duser.language=es -Duser.variant com.aventurasdemarcoyluis.controller.GameExample

Host: Intel(R) Core(TM) i5-9300H CPU @ 2.40GHz, 8 cores, 7G,  Windows 10 , 64 bit Build 18362 (10.0.18362.1500)
Time: Sun Dec  5 15:08:32 2021 Hora verano Sudamérica Pacífico elapsed time: 0.008585 seconds (0d 0h 0m 0s)

---------------  T H R E A D  ---------------

Current thread (0x000002ad5fc25f40):  JavaThread "Unknown thread" [_thread_in_vm, id=14032, stack(0x000000d69b400000,0x000000d69b500000)]

Stack: [0x000000d69b400000,0x000000d69b500000]
Native frames: (J=compiled Java code, j=interpreted, Vv=VM code, C=native code)
V  [jvm.dll+0x6681ca]
V  [jvm.dll+0x7c9e69]
V  [jvm.dll+0x7cb61e]
V  [jvm.dll+0x7cbc73]
V  [jvm.dll+0x242c55]
V  [jvm.dll+0xa8732]
V  [jvm.dll+0x2ce354]
V  [jvm.dll+0x79c70c]
V  [jvm.dll+0x360791]
V  [jvm.dll+0x77a3f0]
V  [jvm.dll+0x3e4e8f]
V  [jvm.dll+0x3e6961]
C  [jli.dll+0x52fb]
C  [ucrtbase.dll+0x210b2]
C  [KERNEL32.DLL+0x17c24]
C  [ntdll.dll+0x6d721]


---------------  P R O C E S S  ---------------

Threads class SMR info:
_java_thread_list=0x00007ff8cea2cbb8, length=0, elements={
}

Java Threads: ( => current thread )

Other Threads:

=>0x000002ad5fc25f40 (exited) JavaThread "Unknown thread" [_thread_in_vm, id=14032, stack(0x000000d69b400000,0x000000d69b500000)]

Threads with active compile tasks:

VM state: not at safepoint (not fully initialized)

VM Mutex/Monitor currently owned by a thread: None

Heap address: 0x0000000000000000, size: 0 MB, Compressed Oops mode: 32-bit

CDS archive(s) mapped at: [0x0000000000000000-0x0000000000000000-0x0000000000000000), size 0, SharedBaseAddress: 0x0000000800000000, ArchiveRelocationMode: 0.
Narrow klass base: 0x0000000000000000, Narrow klass shift: 0, Narrow klass range: 0x0

GC Precious Log:
<Empty>

GC Heap History (0 events):
No events

Deoptimization events (0 events):
No events

Classes unloaded (0 events):
No events

Classes redefined (0 events):
No events

Internal exceptions (0 events):
No events

Events (1 events):
Event: 0.005 Loaded shared library C:\Program Files\OpenJDK\jdk-16.0.2\bin\java.dll


Dynamic libraries:
0x00007ff723570000 - 0x00007ff72357e000 	C:\Program Files\OpenJDK\jdk-16.0.2\bin\java.exe
0x00007ff92d100000 - 0x00007ff92d2f0000 	C:\windows\SYSTEM32\ntdll.dll
0x00007ff8fc640000 - 0x00007ff8fc656000 	C:\Program Files\AVG\Antivirus\aswhook.dll
0x00007ff92bd00000 - 0x00007ff92bdb2000 	C:\windows\System32\KERNEL32.DLL
0x00007ff92add0000 - 0x00007ff92b075000 	C:\windows\System32\KERNELBASE.dll
0x00007ff92ac20000 - 0x00007ff92ad1a000 	C:\windows\System32\ucrtbase.dll
0x00007ff915ac0000 - 0x00007ff915ad9000 	C:\Program Files\OpenJDK\jdk-16.0.2\bin\VCRUNTIME140.dll
0x00007ff923c70000 - 0x00007ff923c88000 	C:\Program Files\OpenJDK\jdk-16.0.2\bin\jli.dll
0x00007ff92cf20000 - 0x00007ff92d0b4000 	C:\windows\System32\USER32.dll
0x00007ff92b180000 - 0x00007ff92b1a1000 	C:\windows\System32\win32u.dll
0x00007ff9101f0000 - 0x00007ff910474000 	C:\windows\WinSxS\amd64_microsoft.windows.common-controls_6595b64144ccf1df_6.0.18362.1556_none_9e7e372fe45e41d5\COMCTL32.dll
0x00007ff92c280000 - 0x00007ff92c2a6000 	C:\windows\System32\GDI32.dll
0x00007ff92c1e0000 - 0x00007ff92c27e000 	C:\windows\System32\msvcrt.dll
0x00007ff92aa80000 - 0x00007ff92ac18000 	C:\windows\System32\gdi32full.dll
0x00007ff92bea0000 - 0x00007ff92c1d6000 	C:\windows\System32\combase.dll
0x00007ff92a9e0000 - 0x00007ff92aa7e000 	C:\windows\System32\msvcp_win.dll
0x00007ff92ccb0000 - 0x00007ff92cdcf000 	C:\windows\System32\RPCRT4.dll
0x00007ff92b0f0000 - 0x00007ff92b171000 	C:\windows\System32\bcryptPrimitives.dll
0x00007ff92c2b0000 - 0x00007ff92c2de000 	C:\windows\System32\IMM32.DLL
0x00007ff9266b0000 - 0x00007ff9266bc000 	C:\Program Files\OpenJDK\jdk-16.0.2\bin\vcruntime140_1.dll
0x00007ff8ea060000 - 0x00007ff8ea0f1000 	C:\Program Files\OpenJDK\jdk-16.0.2\bin\msvcp140.dll
0x00007ff8cdf20000 - 0x00007ff8ceacb000 	C:\Program Files\OpenJDK\jdk-16.0.2\bin\server\jvm.dll
0x00007ff92c2e0000 - 0x00007ff92c383000 	C:\windows\System32\ADVAPI32.dll
0x00007ff92c7a0000 - 0x00007ff92c837000 	C:\windows\System32\sechost.dll
0x00007ff92b1b0000 - 0x00007ff92b1b8000 	C:\windows\System32\PSAPI.DLL
0x00007ff927cc0000 - 0x00007ff927ce4000 	C:\windows\SYSTEM32\WINMM.dll
0x00007ff9231b0000 - 0x00007ff9231ba000 	C:\windows\SYSTEM32\VERSION.dll
0x00007ff927b60000 - 0x00007ff927b8d000 	C:\windows\SYSTEM32\winmmbase.dll
0x00007ff90cf50000 - 0x00007ff90cf59000 	C:\windows\SYSTEM32\WSOCK32.dll
0x00007ff92cdd0000 - 0x00007ff92ce3f000 	C:\windows\System32\WS2_32.dll
0x00007ff92b0a0000 - 0x00007ff92b0ea000 	C:\windows\System32\cfgmgr32.dll
0x00007ff92a030000 - 0x00007ff92a041000 	C:\windows\System32\kernel.appcore.dll
0x00007ff922ec0000 - 0x00007ff922eca000 	C:\Program Files\OpenJDK\jdk-16.0.2\bin\jimage.dll
0x00007ff9288a0000 - 0x00007ff928a94000 	C:\windows\SYSTEM32\DBGHELP.DLL
0x00007ff915970000 - 0x00007ff91599a000 	C:\windows\SYSTEM32\dbgcore.DLL
0x00007ff914ec0000 - 0x00007ff914ee5000 	C:\Program Files\OpenJDK\jdk-16.0.2\bin\java.dll

dbghelp: loaded successfully - version: 4.0.5 - missing functions: none
symbol engine: initialized successfully - sym options: 0x614 - pdb path: .;C:\Program Files\OpenJDK\jdk-16.0.2\bin;C:\windows\SYSTEM32;C:\Program Files\AVG\Antivirus;C:\windows\WinSxS\amd64_microsoft.windows.common-controls_6595b64144ccf1df_6.0.18362.1556_none_9e7e372fe45e41d5;C:\Program Files\OpenJDK\jdk-16.0.2\bin\server

VM Arguments:
jvm_args: -Dfile.encoding=windows-1252 -Duser.country=CL -Duser.language=es -Duser.variant 
java_command: com.aventurasdemarcoyluis.controller.GameExample
java_class_path (initial): D:\Universidad\Tareas Metodologías\aventurasdemarcosyluis-EnigmaPC\build\classes\java\main;D:\Universidad\Tareas Metodologías\aventurasdemarcosyluis-EnigmaPC\build\resources\main;C:\Users\repue\.gradle\caches\modules-2\files-2.1\org.openjfx\javafx-fxml\16\369f646fc29d2223cc98cfc3c059f2409b3e8fcb\javafx-fxml-16-win.jar;C:\Users\repue\.gradle\caches\modules-2\files-2.1\org.openjfx\javafx-controls\16\65cdeae29c67d25932dcc66ca4f7d269923631ba\javafx-controls-16-win.jar;C:\Users\repue\.gradle\caches\modules-2\files-2.1\org.openjfx\javafx-controls\16\d8334d505d5eb64400ae57f989c3db9dd47dcee3\javafx-controls-16.jar;C:\Users\repue\.gradle\caches\modules-2\files-2.1\org.openjfx\javafx-graphics\16\cd18f8477818b40cfdbcfec7e2fc15f632f0a2f\javafx-graphics-16-win.jar;C:\Users\repue\.gradle\caches\modules-2\files-2.1\org.openjfx\javafx-graphics\16\ddd09436524cfea7995db18f93b6c9a2ec54bff3\javafx-graphics-16.jar;C:\Users\repue\.gradle\caches\modules-2\files-2.1\org.openjfx\javafx-base\16\e0564fea3f27dd3a10fa62e5005612333fc244bc\javafx-base-16-win.jar;C:\Users\repue\.gradle\caches\modules-2\files-2.1\org.openjfx\javafx-base\16\56c3d09fb6cb5136ce9abc1d0d6a6914e0eed944\javafx-base-16.jar;C:\Users\repue\.gradle\caches\modules-2\files-2.1\org.jetbrains\annotations\20.1.0\2fcd1f3225bca0c4a7bc931142076f8c1e80993f\annotations-20.1.0.jar
Launcher Type: SUN_STANDARD

[Global flags]
     intx CICompilerCount                          = 4                                         {product} {ergonomic}
     uint ConcGCThreads                            = 2                                         {product} {ergonomic}
     uint G1ConcRefinementThreads                  = 8                                         {product} {ergonomic}
   size_t G1HeapRegionSize                         = 1048576                                   {product} {ergonomic}
    uintx GCDrainStackTargetSize                   = 64                                        {product} {ergonomic}
   size_t InitialHeapSize                          = 132120576                                 {product} {ergonomic}
   size_t MarkStackSize                            = 4194304                                   {product} {ergonomic}
   size_t MaxHeapSize                              = 2107637760                                {product} {ergonomic}
   size_t MinHeapDeltaBytes                        = 1048576                                   {product} {ergonomic}
   size_t MinHeapSize                              = 8388608                                   {product} {ergonomic}
    uintx NonNMethodCodeHeapSize                   = 5839372                                {pd product} {ergonomic}
    uintx NonProfiledCodeHeapSize                  = 122909434                              {pd product} {ergonomic}
    uintx ProfiledCodeHeapSize                     = 122909434                              {pd product} {ergonomic}
    uintx ReservedCodeCacheSize                    = 251658240                              {pd product} {ergonomic}
     bool SegmentedCodeCache                       = true                                      {product} {ergonomic}
   size_t SoftMaxHeapSize                          = 2107637760                             {manageable} {ergonomic}
     bool UseCompressedClassPointers               = true                           {product lp64_product} {ergonomic}
     bool UseCompressedOops                        = true                           {product lp64_product} {ergonomic}
     bool UseG1GC                                  = true                                      {product} {ergonomic}
     bool UseLargePagesIndividualAllocation        = false                                  {pd product} {ergonomic}

Logging:
Log output configuration:
 #0: stdout all=warning uptime,level,tags
 #1: stderr all=off uptime,level,tags

Environment Variables:
JAVA_HOME=C:\Program Files\OpenJDK\jdk-16.0.2
PATH=D:\Program Files\Zulu\zulu-15\bin\;C:\Program Files (x86)\Common Files\Intel\Shared Libraries\redist\intel64\compiler;C:\Program Files (x86)\Common Files\Oracle\Java\javapath;C:\windows\system32;C:\windows;C:\windows\System32\Wbem;C:\windows\System32\WindowsPowerShell\v1.0\;C:\windows\System32\OpenSSH\;C:\Program Files (x86)\NVIDIA Corporation\PhysX\Common;D:\Program Files\NVIDIA Corporation\NVIDIA NvDLISR;C:\ProgramData\chocolatey\bin;C:\Program Files\OpenJDK\jdk-16.0.2\bin;C:\Program Files\jdk-15\bin;C:\Program Files\Java\jdk-15\bin;C:\Program Files\Java\jdk-15\bin;D:\Program Files\PuTTY\;D:\Program Files\Git\cmd;C:\Users\repue\.cargo\bin;C:\Users\repue\AppData\Local\Programs\Python\Launcher\;C:\Users\repue\AppData\Local\Microsoft\WindowsApps;C:\Users\repue\AppData\Local\GitHubDesktop\bin;D:\VSCode\Microsoft VS Code\bin;D:\Program Files\JetBrains\IntelliJ IDEA 2021.2\bin;;D:\Program Files\JetBrains\PyCharm 2021.2.2\bin;;D:\Program Files\JetBrains\CLion 2021.2.2\bin;
USERNAME=Andrea PC
OS=Windows_NT
PROCESSOR_IDENTIFIER=Intel64 Family 6 Model 158 Stepping 10, GenuineIntel



---------------  S Y S T E M  ---------------

OS:
 Windows 10 , 64 bit Build 18362 (10.0.18362.1500)
OS uptime: 3 days 15:41 hours

CPU: total 8 (initial active 8) (4 cores per cpu, 2 threads per core) family 6 model 158 stepping 10 microcode 0xde, cx8, cmov, fxsr, ht, mmx, 3dnowpref, sse, sse2, sse3, ssse3, sse4.1, sse4.2, popcnt, lzcnt, tsc, tscinvbit, avx, avx2, aes, erms, clmul, bmi1, bmi2, adx, fma, vzeroupper, clflush, clflushopt

Memory: 4k page, system-wide physical 8033M (549M free)
TotalPageFile size 12129M (AvailPageFile size 4M)
current process WorkingSet (physical memory assigned to process): 9M, peak: 9M
current process commit charge ("private bytes"): 15M, peak: 16M

vm_info: OpenJDK 64-Bit Server VM (16.0.2+7-67) for windows-amd64 JRE (16.0.2+7-67), built on Jun  8 2021 23:21:43 by "mach5one" with MS VC++ 16.7 (VS2019)

END.
