#
# There is insufficient memory for the Java Runtime Environment to continue.
# Native memory allocation (malloc) failed to allocate 1410096 bytes for Chunk::new
# Possible reasons:
#   The system is out of physical RAM or swap space
#   The process is running with CompressedOops enabled, and the Java Heap may be blocking the growth of the native heap
# Possible solutions:
#   Reduce memory load on the system
#   Increase physical memory or swap space
#   Check if swap backing store is full
#   Decrease Java heap size (-Xmx/-Xms)
#   Decrease number of Java threads
#   Decrease Java thread stack sizes (-Xss)
#   Set larger code cache with -XX:ReservedCodeCacheSize=
#   JVM is running with Unscaled Compressed Oops mode in which the Java heap is
#     placed in the first 4GB address space. The Java Heap base address is the
#     maximum limit for the native heap growth. Please use -XX:HeapBaseMinAddress
#     to set the Java Heap base and to place the Java Heap above 4GB virtual address.
# This output file may be truncated or incomplete.
#
#  Out of Memory Error (arena.cpp:195), pid=15972, tid=11044
#
# JRE version: OpenJDK Runtime Environment (16.0.2+7) (build 16.0.2+7-67)
# Java VM: OpenJDK 64-Bit Server VM (16.0.2+7-67, mixed mode, sharing, tiered, compressed oops, compressed class ptrs, g1 gc, windows-amd64)
# No core dump will be written. Minidumps are not enabled by default on client versions of Windows
#

---------------  S U M M A R Y ------------

Command Line: --add-opens=java.base/java.util=ALL-UNNAMED --add-opens=java.base/java.lang=ALL-UNNAMED --add-opens=java.base/java.lang.invoke=ALL-UNNAMED --add-opens=java.base/java.util=ALL-UNNAMED --add-opens=java.prefs/java.util.prefs=ALL-UNNAMED --add-opens=java.prefs/java.util.prefs=ALL-UNNAMED --add-opens=java.base/java.nio.charset=ALL-UNNAMED --add-opens=java.base/java.net=ALL-UNNAMED --add-opens=java.base/java.util.concurrent.atomic=ALL-UNNAMED -XX:MaxMetaspaceSize=256m -XX:+HeapDumpOnOutOfMemoryError -Xms256m -Xmx512m -Dfile.encoding=windows-1252 -Duser.country=CL -Duser.language=es -Duser.variant org.gradle.launcher.daemon.bootstrap.GradleDaemon 7.1.1

Host: Intel(R) Core(TM) i5-9300H CPU @ 2.40GHz, 8 cores, 7G,  Windows 10 , 64 bit Build 18362 (10.0.18362.1500)
Time: Sun Dec  5 15:08:46 2021 Hora verano Sudamérica Pacífico elapsed time: 946.163206 seconds (0d 0h 15m 46s)

---------------  T H R E A D  ---------------

Current thread (0x000001c739601ea0):  JavaThread "C2 CompilerThread0" daemon [_thread_in_native, id=11044, stack(0x000000763ee00000,0x000000763ef00000)]


Current CompileTask:
C2: 946163 11452       4       org.gradle.internal.service.DefaultServiceRegistry$OwnServices::collectProvidersForClassHierarchy (82 bytes)

Stack: [0x000000763ee00000,0x000000763ef00000]
Native frames: (J=compiled Java code, j=interpreted, Vv=VM code, C=native code)
V  [jvm.dll+0x6681ca]
V  [jvm.dll+0x7c9e69]
V  [jvm.dll+0x7cb61e]
V  [jvm.dll+0x7cbc73]
V  [jvm.dll+0x242c55]
V  [jvm.dll+0xadeba]
V  [jvm.dll+0xae45c]
V  [jvm.dll+0x35a882]
V  [jvm.dll+0x1b9aca]
V  [jvm.dll+0x215e16]
V  [jvm.dll+0x215100]
V  [jvm.dll+0x1a1beb]
V  [jvm.dll+0x225158]
V  [jvm.dll+0x22319c]
V  [jvm.dll+0x77fa62]
V  [jvm.dll+0x7795aa]
V  [jvm.dll+0x667066]
C  [ucrtbase.dll+0x210b2]
C  [KERNEL32.DLL+0x17c24]
C  [ntdll.dll+0x6d721]


---------------  P R O C E S S  ---------------

Threads class SMR info:
_java_thread_list=0x000001c73bcfe0f0, length=42, elements={
0x000001c71ee50540, 0x000001c7395e6130, 0x000001c7395e6f00, 0x000001c7395fd5e0,
0x000001c7395fdef0, 0x000001c7395fe800, 0x000001c7395ff110, 0x000001c739601ea0,
0x000001c739617530, 0x000001c739619e90, 0x000001c73a0fb1d0, 0x000001c73a0fc700,
0x000001c73a7e4590, 0x000001c73ca19a40, 0x000001c73ca19f60, 0x000001c73acea600,
0x000001c73acebb40, 0x000001c73acea0b0, 0x000001c73aceab50, 0x000001c73acecb30,
0x000001c73ee80b50, 0x000001c73ee7c640, 0x000001c73ee7eb70, 0x000001c73ee7fb60,
0x000001c73ee7b650, 0x000001c73ee7bba0, 0x000001c73ee7c0f0, 0x000001c73ee7a660,
0x000001c73ee7f0c0, 0x000001c73ee79bc0, 0x000001c73aef8af0, 0x000001c73c9a4020,
0x000001c73aceb5f0, 0x000001c73acec5e0, 0x000001c73ee7cb90, 0x000001c73ee7d630,
0x000001c73ee7db80, 0x000001c73ee7e0d0, 0x000001c73c9a5ab0, 0x000001c73c9a3580,
0x000001c73c9a3ad0, 0x000001c74351a620
}

Java Threads: ( => current thread )
  0x000001c71ee50540 JavaThread "main" [_thread_blocked, id=2432, stack(0x000000763e100000,0x000000763e200000)]
  0x000001c7395e6130 JavaThread "Reference Handler" daemon [_thread_blocked, id=9056, stack(0x000000763e800000,0x000000763e900000)]
  0x000001c7395e6f00 JavaThread "Finalizer" daemon [_thread_blocked, id=1120, stack(0x000000763e900000,0x000000763ea00000)]
  0x000001c7395fd5e0 JavaThread "Signal Dispatcher" daemon [_thread_blocked, id=1668, stack(0x000000763ea00000,0x000000763eb00000)]
  0x000001c7395fdef0 JavaThread "Attach Listener" daemon [_thread_blocked, id=10560, stack(0x000000763eb00000,0x000000763ec00000)]
  0x000001c7395fe800 JavaThread "Service Thread" daemon [_thread_blocked, id=16948, stack(0x000000763ec00000,0x000000763ed00000)]
  0x000001c7395ff110 JavaThread "Monitor Deflation Thread" daemon [_thread_blocked, id=8540, stack(0x000000763ed00000,0x000000763ee00000)]
=>0x000001c739601ea0 JavaThread "C2 CompilerThread0" daemon [_thread_in_native, id=11044, stack(0x000000763ee00000,0x000000763ef00000)]
  0x000001c739617530 JavaThread "C1 CompilerThread0" daemon [_thread_blocked, id=6712, stack(0x000000763ef00000,0x000000763f000000)]
  0x000001c739619e90 JavaThread "Sweeper thread" daemon [_thread_blocked, id=9632, stack(0x000000763f000000,0x000000763f100000)]
  0x000001c73a0fb1d0 JavaThread "Common-Cleaner" daemon [_thread_blocked, id=16228, stack(0x000000763f100000,0x000000763f200000)]
  0x000001c73a0fc700 JavaThread "Notification Thread" daemon [_thread_blocked, id=16284, stack(0x000000763f200000,0x000000763f300000)]
  0x000001c73a7e4590 JavaThread "Daemon health stats" [_thread_blocked, id=9092, stack(0x000000763fc00000,0x000000763fd00000)]
  0x000001c73ca19a40 JavaThread "Incoming local TCP Connector on port 49202" [_thread_in_native, id=11972, stack(0x000000763fd00000,0x000000763fe00000)]
  0x000001c73ca19f60 JavaThread "Daemon periodic checks" [_thread_blocked, id=10912, stack(0x000000763fe00000,0x000000763ff00000)]
  0x000001c73acea600 JavaThread "Cache worker for journal cache (C:\Users\repue\.gradle\caches\journal-1)" [_thread_blocked, id=8672, stack(0x0000007640600000,0x0000007640700000)]
  0x000001c73acebb40 JavaThread "File lock request listener" [_thread_in_native, id=7256, stack(0x0000007640700000,0x0000007640800000)]
  0x000001c73acea0b0 JavaThread "Cache worker for file hash cache (C:\Users\repue\.gradle\caches\7.1.1\fileHashes)" [_thread_blocked, id=6004, stack(0x0000007640800000,0x0000007640900000)]
  0x000001c73aceab50 JavaThread "File watcher server" daemon [_thread_in_native, id=2368, stack(0x0000007640a00000,0x0000007640b00000)]
  0x000001c73acecb30 JavaThread "File watcher consumer" daemon [_thread_blocked, id=4384, stack(0x0000007640b00000,0x0000007640c00000)]
  0x000001c73ee80b50 JavaThread "Cache worker for execution history cache (C:\Users\repue\.gradle\caches\7.1.1\executionHistory)" [_thread_blocked, id=9160, stack(0x0000007640f00000,0x0000007641000000)]
  0x000001c73ee7c640 JavaThread "jar transforms" [_thread_blocked, id=17212, stack(0x0000007641300000,0x0000007641400000)]
  0x000001c73ee7eb70 JavaThread "jar transforms Thread 2" [_thread_blocked, id=3356, stack(0x0000007641400000,0x0000007641500000)]
  0x000001c73ee7fb60 JavaThread "Cache worker for file content cache (C:\Users\repue\.gradle\caches\7.1.1\fileContent)" [_thread_blocked, id=15636, stack(0x0000007641500000,0x0000007641600000)]
  0x000001c73ee7b650 JavaThread "jar transforms Thread 3" [_thread_blocked, id=16456, stack(0x0000007641600000,0x0000007641700000)]
  0x000001c73ee7bba0 JavaThread "jar transforms Thread 4" [_thread_blocked, id=3796, stack(0x0000007641700000,0x0000007641800000)]
  0x000001c73ee7c0f0 JavaThread "jar transforms Thread 5" [_thread_blocked, id=2916, stack(0x0000007641800000,0x0000007641900000)]
  0x000001c73ee7a660 JavaThread "jar transforms Thread 6" [_thread_blocked, id=9580, stack(0x0000007641900000,0x0000007641a00000)]
  0x000001c73ee7f0c0 JavaThread "jar transforms Thread 7" [_thread_blocked, id=11564, stack(0x0000007641a00000,0x0000007641b00000)]
  0x000001c73ee79bc0 JavaThread "jar transforms Thread 8" [_thread_blocked, id=14012, stack(0x0000007641b00000,0x0000007641c00000)]
  0x000001c73aef8af0 JavaThread "Memory manager" [_thread_blocked, id=2116, stack(0x000000763fb00000,0x000000763fc00000)]
  0x000001c73c9a4020 JavaThread "Cache worker for Java compile cache (C:\Users\repue\.gradle\caches\7.1.1\javaCompile)" [_thread_blocked, id=7032, stack(0x000000763f400000,0x000000763f500000)]
  0x000001c73aceb5f0 JavaThread "Daemon Thread 5" [_thread_blocked, id=6992, stack(0x000000763de00000,0x000000763df00000)]
  0x000001c73acec5e0 JavaThread "Daemon worker Thread 5" [_thread_blocked, id=13928, stack(0x000000763ff00000,0x0000007640000000)]
  0x000001c73ee7cb90 JavaThread "Exec process Thread 17" [_thread_blocked, id=13708, stack(0x0000007644300000,0x0000007644400000)]
  0x000001c73ee7d630 JavaThread "Exec process Thread 18" [_thread_blocked, id=12300, stack(0x0000007644500000,0x0000007644600000)]
  0x000001c73ee7db80 JavaThread "Exec process Thread 19" [_thread_blocked, id=10348, stack(0x0000007644600000,0x0000007644700000)]
  0x000001c73ee7e0d0 JavaThread "Exec process Thread 20" [_thread_blocked, id=10744, stack(0x0000007644700000,0x0000007644800000)]
  0x000001c73c9a5ab0 JavaThread "Handler for socket connection from /127.0.0.1:49202 to /127.0.0.1:49319" [_thread_in_native, id=13872, stack(0x000000763df00000,0x000000763e000000)]
  0x000001c73c9a3580 JavaThread "Cancel handler" [_thread_blocked, id=13704, stack(0x000000763e000000,0x000000763e100000)]
  0x000001c73c9a3ad0 JavaThread "Asynchronous log dispatcher for DefaultDaemonConnection: socket connection from /127.0.0.1:49202 to /127.0.0.1:49319" [_thread_blocked, id=13356, stack(0x0000007640000000,0x0000007640100000)]
  0x000001c74351a620 JavaThread "C2 CompilerThread1" daemon [_thread_in_native, id=16828, stack(0x0000007640d00000,0x0000007640e00000)]

Other Threads:
  0x000001c7395da1a0 VMThread "VM Thread" [stack: 0x000000763e700000,0x000000763e800000] [id=15344]
  0x000001c73a102c40 WatcherThread [stack: 0x000000763f300000,0x000000763f400000] [id=8276]
  0x000001c71ee70fd0 GCTaskThread "GC Thread#0" [stack: 0x000000763e200000,0x000000763e300000] [id=17200]
  0x000001c73ad131f0 GCTaskThread "GC Thread#1" [stack: 0x000000763f500000,0x000000763f600000] [id=13280]
  0x000001c73ad13500 GCTaskThread "GC Thread#2" [stack: 0x000000763f600000,0x000000763f700000] [id=7868]
  0x000001c73a3821f0 GCTaskThread "GC Thread#3" [stack: 0x000000763f700000,0x000000763f800000] [id=16636]
  0x000001c73a3828d0 GCTaskThread "GC Thread#4" [stack: 0x000000763f800000,0x000000763f900000] [id=12520]
  0x000001c73a6f9af0 GCTaskThread "GC Thread#5" [stack: 0x000000763f900000,0x000000763fa00000] [id=8676]
  0x000001c73bc283d0 GCTaskThread "GC Thread#6" [stack: 0x0000007641000000,0x0000007641100000] [id=6884]
  0x000001c73bc286e0 GCTaskThread "GC Thread#7" [stack: 0x0000007641100000,0x0000007641200000] [id=12660]
  0x000001c71ee76020 ConcurrentGCThread "G1 Main Marker" [stack: 0x000000763e300000,0x000000763e400000] [id=14568]
  0x000001c71ee771c0 ConcurrentGCThread "G1 Conc#0" [stack: 0x000000763e400000,0x000000763e500000] [id=4032]
  0x000001c73bc29010 ConcurrentGCThread "G1 Conc#1" [stack: 0x0000007641200000,0x0000007641300000] [id=4916]
  0x000001c7394944d0 ConcurrentGCThread "G1 Refine#0" [stack: 0x000000763e500000,0x000000763e600000] [id=10004]
  0x000001c73adb8900 ConcurrentGCThread "G1 Refine#1" [stack: 0x000000763fa00000,0x000000763fb00000] [id=10780]
  0x000001c741797df0 ConcurrentGCThread "G1 Refine#2" [stack: 0x0000007644a00000,0x0000007644b00000] [id=13224]
  0x000001c741797ab0 ConcurrentGCThread "G1 Refine#3" [stack: 0x0000007644b00000,0x0000007644c00000] [id=4544]
  0x000001c739495d70 ConcurrentGCThread "G1 Service" [stack: 0x000000763e600000,0x000000763e700000] [id=10292]

Threads with active compile tasks:
C2 CompilerThread0   946201 11452       4       org.gradle.internal.service.DefaultServiceRegistry$OwnServices::collectProvidersForClassHierarchy (82 bytes)
C2 CompilerThread1   946201 11693   !   4       java.io.ObjectOutputStream::writeOrdinaryObject (196 bytes)

VM state: not at safepoint (normal execution)

VM Mutex/Monitor currently owned by a thread: None

Heap address: 0x00000000e0000000, size: 512 MB, Compressed Oops mode: 32-bit

CDS archive(s) mapped at: [0x0000000800000000-0x0000000800bb0000-0x0000000800bb0000), size 12255232, SharedBaseAddress: 0x0000000800000000, ArchiveRelocationMode: 0.
Compressed class space mapped at: 0x0000000800c00000-0x000000080dc00000, reserved size: 218103808
Narrow klass base: 0x0000000800000000, Narrow klass shift: 3, Narrow klass range: 0x100000000

GC Precious Log:
 CPUs: 8 total, 8 available
 Memory: 8033M
 Large Page Support: Disabled
 NUMA Support: Disabled
 Compressed Oops: Enabled (32-bit)
 Heap Region Size: 1M
 Heap Min Capacity: 256M
 Heap Initial Capacity: 256M
 Heap Max Capacity: 512M
 Pre-touch: Disabled
 Parallel Workers: 8
 Concurrent Workers: 2
 Concurrent Refinement Workers: 8
 Periodic GC: Disabled

Heap:
 garbage-first heap   total 262144K, used 140942K [0x00000000e0000000, 0x0000000100000000)
  region size 1024K, 101 young (103424K), 11 survivors (11264K)
 Metaspace       used 60146K, committed 60800K, reserved 270336K
  class space    used 7881K, committed 8192K, reserved 212992K

Heap Regions: E=young(eden), S=young(survivor), O=old, HS=humongous(starts), HC=humongous(continues), CS=collection set, F=free, OA=open archive, CA=closed archive, TAMS=top-at-mark-start (previous, next)
|   0|0x00000000e0000000, 0x00000000e0100000, 0x00000000e0100000|100%| O|  |TAMS 0x00000000e0100000, 0x00000000e0000000| Untracked 
|   1|0x00000000e0100000, 0x00000000e0200000, 0x00000000e0200000|100%| O|  |TAMS 0x00000000e0200000, 0x00000000e0100000| Untracked 
|   2|0x00000000e0200000, 0x00000000e0300000, 0x00000000e0300000|100%| O|  |TAMS 0x00000000e0300000, 0x00000000e0200000| Untracked 
|   3|0x00000000e0300000, 0x00000000e0400000, 0x00000000e0400000|100%|HS|  |TAMS 0x00000000e0400000, 0x00000000e0300000| Complete 
|   4|0x00000000e0400000, 0x00000000e0500000, 0x00000000e0500000|100%|HC|  |TAMS 0x00000000e0500000, 0x00000000e0400000| Complete 
|   5|0x00000000e0500000, 0x00000000e0600000, 0x00000000e0600000|100%|HC|  |TAMS 0x00000000e0600000, 0x00000000e0500000| Complete 
|   6|0x00000000e0600000, 0x00000000e0700000, 0x00000000e0700000|100%| O|  |TAMS 0x00000000e0700000, 0x00000000e0600000| Untracked 
|   7|0x00000000e0700000, 0x00000000e0800000, 0x00000000e0800000|100%| O|  |TAMS 0x00000000e0800000, 0x00000000e0700000| Untracked 
|   8|0x00000000e0800000, 0x00000000e0900000, 0x00000000e0900000|100%| O|  |TAMS 0x00000000e0900000, 0x00000000e0800000| Untracked 
|   9|0x00000000e0900000, 0x00000000e0a00000, 0x00000000e0a00000|100%| O|  |TAMS 0x00000000e0a00000, 0x00000000e0900000| Untracked 
|  10|0x00000000e0a00000, 0x00000000e0b00000, 0x00000000e0b00000|100%| O|  |TAMS 0x00000000e0b00000, 0x00000000e0a00000| Untracked 
|  11|0x00000000e0b00000, 0x00000000e0c00000, 0x00000000e0c00000|100%| O|  |TAMS 0x00000000e0c00000, 0x00000000e0b00000| Untracked 
|  12|0x00000000e0c00000, 0x00000000e0d00000, 0x00000000e0d00000|100%| O|  |TAMS 0x00000000e0d00000, 0x00000000e0c00000| Untracked 
|  13|0x00000000e0d00000, 0x00000000e0e00000, 0x00000000e0e00000|100%| O|  |TAMS 0x00000000e0e00000, 0x00000000e0d00000| Untracked 
|  14|0x00000000e0e00000, 0x00000000e0f00000, 0x00000000e0f00000|100%| O|  |TAMS 0x00000000e0f00000, 0x00000000e0e00000| Untracked 
|  15|0x00000000e0f00000, 0x00000000e1000000, 0x00000000e1000000|100%| O|  |TAMS 0x00000000e1000000, 0x00000000e0f00000| Untracked 
|  16|0x00000000e1000000, 0x00000000e1100000, 0x00000000e1100000|100%| O|  |TAMS 0x00000000e1100000, 0x00000000e1000000| Untracked 
|  17|0x00000000e1100000, 0x00000000e1200000, 0x00000000e1200000|100%| O|  |TAMS 0x00000000e1200000, 0x00000000e1100000| Untracked 
|  18|0x00000000e1200000, 0x00000000e1300000, 0x00000000e1300000|100%| O|  |TAMS 0x00000000e1300000, 0x00000000e1200000| Untracked 
|  19|0x00000000e1300000, 0x00000000e1400000, 0x00000000e1400000|100%| O|  |TAMS 0x00000000e1400000, 0x00000000e1300000| Untracked 
|  20|0x00000000e1400000, 0x00000000e1500000, 0x00000000e1500000|100%| O|  |TAMS 0x00000000e1500000, 0x00000000e1400000| Untracked 
|  21|0x00000000e1500000, 0x00000000e1600000, 0x00000000e1600000|100%| O|  |TAMS 0x00000000e1600000, 0x00000000e1500000| Untracked 
|  22|0x00000000e1600000, 0x00000000e1700000, 0x00000000e1700000|100%| O|  |TAMS 0x00000000e1700000, 0x00000000e1600000| Untracked 
|  23|0x00000000e1700000, 0x00000000e1800000, 0x00000000e1800000|100%| O|  |TAMS 0x00000000e1800000, 0x00000000e1700000| Untracked 
|  24|0x00000000e1800000, 0x00000000e1900000, 0x00000000e1900000|100%| O|  |TAMS 0x00000000e1900000, 0x00000000e1800000| Untracked 
|  25|0x00000000e1900000, 0x00000000e1a00000, 0x00000000e1a00000|100%| O|  |TAMS 0x00000000e1a00000, 0x00000000e1900000| Untracked 
|  26|0x00000000e1a00000, 0x00000000e1b00000, 0x00000000e1b00000|100%| O|  |TAMS 0x00000000e1b00000, 0x00000000e1a00000| Untracked 
|  27|0x00000000e1b00000, 0x00000000e1c00000, 0x00000000e1c00000|100%| O|  |TAMS 0x00000000e1c00000, 0x00000000e1b00000| Untracked 
|  28|0x00000000e1c00000, 0x00000000e1d00000, 0x00000000e1d00000|100%| O|  |TAMS 0x00000000e1cd6a00, 0x00000000e1c00000| Untracked 
|  29|0x00000000e1d00000, 0x00000000e1e00000, 0x00000000e1e00000|100%| O|  |TAMS 0x00000000e1d00000, 0x00000000e1d00000| Untracked 
|  30|0x00000000e1e00000, 0x00000000e1f00000, 0x00000000e1f00000|100%| O|  |TAMS 0x00000000e1e00000, 0x00000000e1e00000| Untracked 
|  31|0x00000000e1f00000, 0x00000000e2000000, 0x00000000e2000000|100%| O|  |TAMS 0x00000000e1f00000, 0x00000000e1f00000| Untracked 
|  32|0x00000000e2000000, 0x00000000e2100000, 0x00000000e2100000|100%| O|  |TAMS 0x00000000e2000000, 0x00000000e2000000| Untracked 
|  33|0x00000000e2100000, 0x00000000e2200000, 0x00000000e2200000|100%| O|  |TAMS 0x00000000e2100000, 0x00000000e2100000| Untracked 
|  34|0x00000000e2200000, 0x00000000e2300000, 0x00000000e2300000|100%| O|  |TAMS 0x00000000e2200000, 0x00000000e2200000| Untracked 
|  35|0x00000000e2300000, 0x00000000e2400000, 0x00000000e2400000|100%| O|  |TAMS 0x00000000e2300000, 0x00000000e2300000| Untracked 
|  36|0x00000000e2400000, 0x00000000e2500000, 0x00000000e2500000|100%| O|  |TAMS 0x00000000e2400000, 0x00000000e2400000| Untracked 
|  37|0x00000000e2500000, 0x00000000e2600000, 0x00000000e2600000|100%| O|  |TAMS 0x00000000e2500000, 0x00000000e2500000| Untracked 
|  38|0x00000000e2600000, 0x00000000e26a3800, 0x00000000e2700000| 63%| O|  |TAMS 0x00000000e2600000, 0x00000000e2600000| Untracked 
|  39|0x00000000e2700000, 0x00000000e2700000, 0x00000000e2800000|  0%| F|  |TAMS 0x00000000e2700000, 0x00000000e2700000| Untracked 
|  40|0x00000000e2800000, 0x00000000e2800000, 0x00000000e2900000|  0%| F|  |TAMS 0x00000000e2800000, 0x00000000e2800000| Untracked 
|  41|0x00000000e2900000, 0x00000000e2900000, 0x00000000e2a00000|  0%| F|  |TAMS 0x00000000e2900000, 0x00000000e2900000| Untracked 
|  42|0x00000000e2a00000, 0x00000000e2a00000, 0x00000000e2b00000|  0%| F|  |TAMS 0x00000000e2a00000, 0x00000000e2a00000| Untracked 
|  43|0x00000000e2b00000, 0x00000000e2b00000, 0x00000000e2c00000|  0%| F|  |TAMS 0x00000000e2b00000, 0x00000000e2b00000| Untracked 
|  44|0x00000000e2c00000, 0x00000000e2c00000, 0x00000000e2d00000|  0%| F|  |TAMS 0x00000000e2c00000, 0x00000000e2c00000| Untracked 
|  45|0x00000000e2d00000, 0x00000000e2d00000, 0x00000000e2e00000|  0%| F|  |TAMS 0x00000000e2d00000, 0x00000000e2d00000| Untracked 
|  46|0x00000000e2e00000, 0x00000000e2e00000, 0x00000000e2f00000|  0%| F|  |TAMS 0x00000000e2e00000, 0x00000000e2e00000| Untracked 
|  47|0x00000000e2f00000, 0x00000000e2f00000, 0x00000000e3000000|  0%| F|  |TAMS 0x00000000e2f00000, 0x00000000e2f00000| Untracked 
|  48|0x00000000e3000000, 0x00000000e3000000, 0x00000000e3100000|  0%| F|  |TAMS 0x00000000e3000000, 0x00000000e3000000| Untracked 
|  49|0x00000000e3100000, 0x00000000e3100000, 0x00000000e3200000|  0%| F|  |TAMS 0x00000000e3100000, 0x00000000e3100000| Untracked 
|  50|0x00000000e3200000, 0x00000000e3200000, 0x00000000e3300000|  0%| F|  |TAMS 0x00000000e3200000, 0x00000000e3200000| Untracked 
|  51|0x00000000e3300000, 0x00000000e3300000, 0x00000000e3400000|  0%| F|  |TAMS 0x00000000e3300000, 0x00000000e3300000| Untracked 
|  52|0x00000000e3400000, 0x00000000e3400000, 0x00000000e3500000|  0%| F|  |TAMS 0x00000000e3400000, 0x00000000e3400000| Untracked 
|  53|0x00000000e3500000, 0x00000000e3500000, 0x00000000e3600000|  0%| F|  |TAMS 0x00000000e3500000, 0x00000000e3500000| Untracked 
|  54|0x00000000e3600000, 0x00000000e3600000, 0x00000000e3700000|  0%| F|  |TAMS 0x00000000e3600000, 0x00000000e3600000| Untracked 
|  55|0x00000000e3700000, 0x00000000e3700000, 0x00000000e3800000|  0%| F|  |TAMS 0x00000000e3700000, 0x00000000e3700000| Untracked 
|  56|0x00000000e3800000, 0x00000000e3800000, 0x00000000e3900000|  0%| F|  |TAMS 0x00000000e3800000, 0x00000000e3800000| Untracked 
|  57|0x00000000e3900000, 0x00000000e3900000, 0x00000000e3a00000|  0%| F|  |TAMS 0x00000000e3900000, 0x00000000e3900000| Untracked 
|  58|0x00000000e3a00000, 0x00000000e3a00000, 0x00000000e3b00000|  0%| F|  |TAMS 0x00000000e3a00000, 0x00000000e3a00000| Untracked 
|  59|0x00000000e3b00000, 0x00000000e3b00000, 0x00000000e3c00000|  0%| F|  |TAMS 0x00000000e3b00000, 0x00000000e3b00000| Untracked 
|  60|0x00000000e3c00000, 0x00000000e3c00000, 0x00000000e3d00000|  0%| F|  |TAMS 0x00000000e3c00000, 0x00000000e3c00000| Untracked 
|  61|0x00000000e3d00000, 0x00000000e3d00000, 0x00000000e3e00000|  0%| F|  |TAMS 0x00000000e3d00000, 0x00000000e3d00000| Untracked 
|  62|0x00000000e3e00000, 0x00000000e3e00000, 0x00000000e3f00000|  0%| F|  |TAMS 0x00000000e3e00000, 0x00000000e3e00000| Untracked 
|  63|0x00000000e3f00000, 0x00000000e3f00000, 0x00000000e4000000|  0%| F|  |TAMS 0x00000000e3f00000, 0x00000000e3f00000| Untracked 
|  64|0x00000000e4000000, 0x00000000e4000000, 0x00000000e4100000|  0%| F|  |TAMS 0x00000000e4000000, 0x00000000e4000000| Untracked 
|  65|0x00000000e4100000, 0x00000000e4100000, 0x00000000e4200000|  0%| F|  |TAMS 0x00000000e4100000, 0x00000000e4100000| Untracked 
|  66|0x00000000e4200000, 0x00000000e4200000, 0x00000000e4300000|  0%| F|  |TAMS 0x00000000e4200000, 0x00000000e4200000| Untracked 
|  67|0x00000000e4300000, 0x00000000e4300000, 0x00000000e4400000|  0%| F|  |TAMS 0x00000000e4300000, 0x00000000e4300000| Untracked 
|  68|0x00000000e4400000, 0x00000000e4400000, 0x00000000e4500000|  0%| F|  |TAMS 0x00000000e4400000, 0x00000000e4400000| Untracked 
|  69|0x00000000e4500000, 0x00000000e4500000, 0x00000000e4600000|  0%| F|  |TAMS 0x00000000e4500000, 0x00000000e4500000| Untracked 
|  70|0x00000000e4600000, 0x00000000e4600000, 0x00000000e4700000|  0%| F|  |TAMS 0x00000000e4600000, 0x00000000e4600000| Untracked 
|  71|0x00000000e4700000, 0x00000000e4700000, 0x00000000e4800000|  0%| F|  |TAMS 0x00000000e4700000, 0x00000000e4700000| Untracked 
|  72|0x00000000e4800000, 0x00000000e4800000, 0x00000000e4900000|  0%| F|  |TAMS 0x00000000e4800000, 0x00000000e4800000| Untracked 
|  73|0x00000000e4900000, 0x00000000e4900000, 0x00000000e4a00000|  0%| F|  |TAMS 0x00000000e4900000, 0x00000000e4900000| Untracked 
|  74|0x00000000e4a00000, 0x00000000e4a00000, 0x00000000e4b00000|  0%| F|  |TAMS 0x00000000e4a00000, 0x00000000e4a00000| Untracked 
|  75|0x00000000e4b00000, 0x00000000e4b00000, 0x00000000e4c00000|  0%| F|  |TAMS 0x00000000e4b00000, 0x00000000e4b00000| Untracked 
|  76|0x00000000e4c00000, 0x00000000e4c00000, 0x00000000e4d00000|  0%| F|  |TAMS 0x00000000e4c00000, 0x00000000e4c00000| Untracked 
|  77|0x00000000e4d00000, 0x00000000e4d00000, 0x00000000e4e00000|  0%| F|  |TAMS 0x00000000e4d00000, 0x00000000e4d00000| Untracked 
|  78|0x00000000e4e00000, 0x00000000e4e00000, 0x00000000e4f00000|  0%| F|  |TAMS 0x00000000e4e00000, 0x00000000e4e00000| Untracked 
|  79|0x00000000e4f00000, 0x00000000e4f00000, 0x00000000e5000000|  0%| F|  |TAMS 0x00000000e4f00000, 0x00000000e4f00000| Untracked 
|  80|0x00000000e5000000, 0x00000000e5000000, 0x00000000e5100000|  0%| F|  |TAMS 0x00000000e5000000, 0x00000000e5000000| Untracked 
|  81|0x00000000e5100000, 0x00000000e5100000, 0x00000000e5200000|  0%| F|  |TAMS 0x00000000e5100000, 0x00000000e5100000| Untracked 
|  82|0x00000000e5200000, 0x00000000e5200000, 0x00000000e5300000|  0%| F|  |TAMS 0x00000000e5200000, 0x00000000e5200000| Untracked 
|  83|0x00000000e5300000, 0x00000000e5300000, 0x00000000e5400000|  0%| F|  |TAMS 0x00000000e5300000, 0x00000000e5300000| Untracked 
|  84|0x00000000e5400000, 0x00000000e5400000, 0x00000000e5500000|  0%| F|  |TAMS 0x00000000e5400000, 0x00000000e5400000| Untracked 
|  85|0x00000000e5500000, 0x00000000e5500000, 0x00000000e5600000|  0%| F|  |TAMS 0x00000000e5500000, 0x00000000e5500000| Untracked 
|  86|0x00000000e5600000, 0x00000000e5600000, 0x00000000e5700000|  0%| F|  |TAMS 0x00000000e5600000, 0x00000000e5600000| Untracked 
|  87|0x00000000e5700000, 0x00000000e5700000, 0x00000000e5800000|  0%| F|  |TAMS 0x00000000e5700000, 0x00000000e5700000| Untracked 
|  88|0x00000000e5800000, 0x00000000e5800000, 0x00000000e5900000|  0%| F|  |TAMS 0x00000000e5800000, 0x00000000e5800000| Untracked 
|  89|0x00000000e5900000, 0x00000000e5900000, 0x00000000e5a00000|  0%| F|  |TAMS 0x00000000e5900000, 0x00000000e5900000| Untracked 
|  90|0x00000000e5a00000, 0x00000000e5a00000, 0x00000000e5b00000|  0%| F|  |TAMS 0x00000000e5a00000, 0x00000000e5a00000| Untracked 
|  91|0x00000000e5b00000, 0x00000000e5b00000, 0x00000000e5c00000|  0%| F|  |TAMS 0x00000000e5b00000, 0x00000000e5b00000| Untracked 
|  92|0x00000000e5c00000, 0x00000000e5c00000, 0x00000000e5d00000|  0%| F|  |TAMS 0x00000000e5c00000, 0x00000000e5c00000| Untracked 
|  93|0x00000000e5d00000, 0x00000000e5d00000, 0x00000000e5e00000|  0%| F|  |TAMS 0x00000000e5d00000, 0x00000000e5d00000| Untracked 
|  94|0x00000000e5e00000, 0x00000000e5e00000, 0x00000000e5f00000|  0%| F|  |TAMS 0x00000000e5e00000, 0x00000000e5e00000| Untracked 
|  95|0x00000000e5f00000, 0x00000000e5f00000, 0x00000000e6000000|  0%| F|  |TAMS 0x00000000e5f00000, 0x00000000e5f00000| Untracked 
|  96|0x00000000e6000000, 0x00000000e6000000, 0x00000000e6100000|  0%| F|  |TAMS 0x00000000e6000000, 0x00000000e6000000| Untracked 
|  97|0x00000000e6100000, 0x00000000e6100000, 0x00000000e6200000|  0%| F|  |TAMS 0x00000000e6100000, 0x00000000e6100000| Untracked 
|  98|0x00000000e6200000, 0x00000000e6200000, 0x00000000e6300000|  0%| F|  |TAMS 0x00000000e6200000, 0x00000000e6200000| Untracked 
|  99|0x00000000e6300000, 0x00000000e6300000, 0x00000000e6400000|  0%| F|  |TAMS 0x00000000e6300000, 0x00000000e6300000| Untracked 
| 100|0x00000000e6400000, 0x00000000e6400000, 0x00000000e6500000|  0%| F|  |TAMS 0x00000000e6400000, 0x00000000e6400000| Untracked 
| 101|0x00000000e6500000, 0x00000000e6500000, 0x00000000e6600000|  0%| F|  |TAMS 0x00000000e6500000, 0x00000000e6500000| Untracked 
| 102|0x00000000e6600000, 0x00000000e6600000, 0x00000000e6700000|  0%| F|  |TAMS 0x00000000e6600000, 0x00000000e6600000| Untracked 
| 103|0x00000000e6700000, 0x00000000e6700000, 0x00000000e6800000|  0%| F|  |TAMS 0x00000000e6700000, 0x00000000e6700000| Untracked 
| 104|0x00000000e6800000, 0x00000000e6800000, 0x00000000e6900000|  0%| F|  |TAMS 0x00000000e6800000, 0x00000000e6800000| Untracked 
| 105|0x00000000e6900000, 0x00000000e6900000, 0x00000000e6a00000|  0%| F|  |TAMS 0x00000000e6900000, 0x00000000e6900000| Untracked 
| 106|0x00000000e6a00000, 0x00000000e6a00000, 0x00000000e6b00000|  0%| F|  |TAMS 0x00000000e6a00000, 0x00000000e6a00000| Untracked 
| 107|0x00000000e6b00000, 0x00000000e6b00000, 0x00000000e6c00000|  0%| F|  |TAMS 0x00000000e6b00000, 0x00000000e6b00000| Untracked 
| 108|0x00000000e6c00000, 0x00000000e6c00000, 0x00000000e6d00000|  0%| F|  |TAMS 0x00000000e6c00000, 0x00000000e6c00000| Untracked 
| 109|0x00000000e6d00000, 0x00000000e6d00000, 0x00000000e6e00000|  0%| F|  |TAMS 0x00000000e6d00000, 0x00000000e6d00000| Untracked 
| 110|0x00000000e6e00000, 0x00000000e6e00000, 0x00000000e6f00000|  0%| F|  |TAMS 0x00000000e6e00000, 0x00000000e6e00000| Untracked 
| 111|0x00000000e6f00000, 0x00000000e6f00000, 0x00000000e7000000|  0%| F|  |TAMS 0x00000000e6f00000, 0x00000000e6f00000| Untracked 
| 112|0x00000000e7000000, 0x00000000e7000000, 0x00000000e7100000|  0%| F|  |TAMS 0x00000000e7000000, 0x00000000e7000000| Untracked 
| 113|0x00000000e7100000, 0x00000000e7100000, 0x00000000e7200000|  0%| F|  |TAMS 0x00000000e7100000, 0x00000000e7100000| Untracked 
| 114|0x00000000e7200000, 0x00000000e7200000, 0x00000000e7300000|  0%| F|  |TAMS 0x00000000e7200000, 0x00000000e7200000| Untracked 
| 115|0x00000000e7300000, 0x00000000e7300000, 0x00000000e7400000|  0%| F|  |TAMS 0x00000000e7300000, 0x00000000e7300000| Untracked 
| 116|0x00000000e7400000, 0x00000000e7400000, 0x00000000e7500000|  0%| F|  |TAMS 0x00000000e7400000, 0x00000000e7400000| Untracked 
| 117|0x00000000e7500000, 0x00000000e7500000, 0x00000000e7600000|  0%| F|  |TAMS 0x00000000e7500000, 0x00000000e7500000| Untracked 
| 118|0x00000000e7600000, 0x00000000e7600000, 0x00000000e7700000|  0%| F|  |TAMS 0x00000000e7600000, 0x00000000e7600000| Untracked 
| 119|0x00000000e7700000, 0x00000000e7700000, 0x00000000e7800000|  0%| F|  |TAMS 0x00000000e7700000, 0x00000000e7700000| Untracked 
| 120|0x00000000e7800000, 0x00000000e7800000, 0x00000000e7900000|  0%| F|  |TAMS 0x00000000e7800000, 0x00000000e7800000| Untracked 
| 121|0x00000000e7900000, 0x00000000e7900000, 0x00000000e7a00000|  0%| F|  |TAMS 0x00000000e7900000, 0x00000000e7900000| Untracked 
| 122|0x00000000e7a00000, 0x00000000e7a00000, 0x00000000e7b00000|  0%| F|  |TAMS 0x00000000e7a00000, 0x00000000e7a00000| Untracked 
| 123|0x00000000e7b00000, 0x00000000e7b00000, 0x00000000e7c00000|  0%| F|  |TAMS 0x00000000e7b00000, 0x00000000e7b00000| Untracked 
| 124|0x00000000e7c00000, 0x00000000e7c00000, 0x00000000e7d00000|  0%| F|  |TAMS 0x00000000e7c00000, 0x00000000e7c00000| Untracked 
| 125|0x00000000e7d00000, 0x00000000e7d00000, 0x00000000e7e00000|  0%| F|  |TAMS 0x00000000e7d00000, 0x00000000e7d00000| Untracked 
| 126|0x00000000e7e00000, 0x00000000e7e00000, 0x00000000e7f00000|  0%| F|  |TAMS 0x00000000e7e00000, 0x00000000e7e00000| Untracked 
| 127|0x00000000e7f00000, 0x00000000e7f00000, 0x00000000e8000000|  0%| F|  |TAMS 0x00000000e7f00000, 0x00000000e7f00000| Untracked 
| 128|0x00000000e8000000, 0x00000000e8000000, 0x00000000e8100000|  0%| F|  |TAMS 0x00000000e8000000, 0x00000000e8000000| Untracked 
| 129|0x00000000e8100000, 0x00000000e8100000, 0x00000000e8200000|  0%| F|  |TAMS 0x00000000e8100000, 0x00000000e8100000| Untracked 
| 130|0x00000000e8200000, 0x00000000e8200000, 0x00000000e8300000|  0%| F|  |TAMS 0x00000000e8200000, 0x00000000e8200000| Untracked 
| 131|0x00000000e8300000, 0x00000000e8300000, 0x00000000e8400000|  0%| F|  |TAMS 0x00000000e8300000, 0x00000000e8300000| Untracked 
| 132|0x00000000e8400000, 0x00000000e8400000, 0x00000000e8500000|  0%| F|  |TAMS 0x00000000e8400000, 0x00000000e8400000| Untracked 
| 133|0x00000000e8500000, 0x00000000e8500000, 0x00000000e8600000|  0%| F|  |TAMS 0x00000000e8500000, 0x00000000e8500000| Untracked 
| 134|0x00000000e8600000, 0x00000000e8600000, 0x00000000e8700000|  0%| F|  |TAMS 0x00000000e8600000, 0x00000000e8600000| Untracked 
| 135|0x00000000e8700000, 0x00000000e8700000, 0x00000000e8800000|  0%| F|  |TAMS 0x00000000e8700000, 0x00000000e8700000| Untracked 
| 136|0x00000000e8800000, 0x00000000e8800000, 0x00000000e8900000|  0%| F|  |TAMS 0x00000000e8800000, 0x00000000e8800000| Untracked 
| 137|0x00000000e8900000, 0x00000000e8900000, 0x00000000e8a00000|  0%| F|  |TAMS 0x00000000e8900000, 0x00000000e8900000| Untracked 
| 138|0x00000000e8a00000, 0x00000000e8a00000, 0x00000000e8b00000|  0%| F|  |TAMS 0x00000000e8a00000, 0x00000000e8a00000| Untracked 
| 139|0x00000000e8b00000, 0x00000000e8b00000, 0x00000000e8c00000|  0%| F|  |TAMS 0x00000000e8b00000, 0x00000000e8b00000| Untracked 
| 140|0x00000000e8c00000, 0x00000000e8c00000, 0x00000000e8d00000|  0%| F|  |TAMS 0x00000000e8c00000, 0x00000000e8c00000| Untracked 
| 141|0x00000000e8d00000, 0x00000000e8d00000, 0x00000000e8e00000|  0%| F|  |TAMS 0x00000000e8d00000, 0x00000000e8d00000| Untracked 
| 142|0x00000000e8e00000, 0x00000000e8e00000, 0x00000000e8f00000|  0%| F|  |TAMS 0x00000000e8e00000, 0x00000000e8e00000| Untracked 
| 143|0x00000000e8f00000, 0x00000000e8f00000, 0x00000000e9000000|  0%| F|  |TAMS 0x00000000e8f00000, 0x00000000e8f00000| Untracked 
| 144|0x00000000e9000000, 0x00000000e9000000, 0x00000000e9100000|  0%| F|  |TAMS 0x00000000e9000000, 0x00000000e9000000| Untracked 
| 145|0x00000000e9100000, 0x00000000e9100000, 0x00000000e9200000|  0%| F|  |TAMS 0x00000000e9100000, 0x00000000e9100000| Untracked 
| 146|0x00000000e9200000, 0x00000000e9200000, 0x00000000e9300000|  0%| F|  |TAMS 0x00000000e9200000, 0x00000000e9200000| Untracked 
| 147|0x00000000e9300000, 0x00000000e9300000, 0x00000000e9400000|  0%| F|  |TAMS 0x00000000e9300000, 0x00000000e9300000| Untracked 
| 148|0x00000000e9400000, 0x00000000e9400000, 0x00000000e9500000|  0%| F|  |TAMS 0x00000000e9400000, 0x00000000e9400000| Untracked 
| 149|0x00000000e9500000, 0x00000000e9500000, 0x00000000e9600000|  0%| F|  |TAMS 0x00000000e9500000, 0x00000000e9500000| Untracked 
| 150|0x00000000e9600000, 0x00000000e9600000, 0x00000000e9700000|  0%| F|  |TAMS 0x00000000e9600000, 0x00000000e9600000| Untracked 
| 151|0x00000000e9700000, 0x00000000e9700000, 0x00000000e9800000|  0%| F|  |TAMS 0x00000000e9700000, 0x00000000e9700000| Untracked 
| 152|0x00000000e9800000, 0x00000000e9800000, 0x00000000e9900000|  0%| F|  |TAMS 0x00000000e9800000, 0x00000000e9800000| Untracked 
| 153|0x00000000e9900000, 0x00000000e9900000, 0x00000000e9a00000|  0%| F|  |TAMS 0x00000000e9900000, 0x00000000e9900000| Untracked 
| 154|0x00000000e9a00000, 0x00000000e9a14b68, 0x00000000e9b00000|  8%| E|  |TAMS 0x00000000e9a00000, 0x00000000e9a00000| Complete 
| 155|0x00000000e9b00000, 0x00000000e9c00000, 0x00000000e9c00000|100%| E|CS|TAMS 0x00000000e9b00000, 0x00000000e9b00000| Complete 
| 156|0x00000000e9c00000, 0x00000000e9d00000, 0x00000000e9d00000|100%| E|CS|TAMS 0x00000000e9c00000, 0x00000000e9c00000| Complete 
| 157|0x00000000e9d00000, 0x00000000e9e00000, 0x00000000e9e00000|100%| E|CS|TAMS 0x00000000e9d00000, 0x00000000e9d00000| Complete 
| 158|0x00000000e9e00000, 0x00000000e9f00000, 0x00000000e9f00000|100%| E|CS|TAMS 0x00000000e9e00000, 0x00000000e9e00000| Complete 
| 159|0x00000000e9f00000, 0x00000000ea000000, 0x00000000ea000000|100%| E|CS|TAMS 0x00000000e9f00000, 0x00000000e9f00000| Complete 
| 160|0x00000000ea000000, 0x00000000ea100000, 0x00000000ea100000|100%| E|CS|TAMS 0x00000000ea000000, 0x00000000ea000000| Complete 
| 161|0x00000000ea100000, 0x00000000ea200000, 0x00000000ea200000|100%| E|CS|TAMS 0x00000000ea100000, 0x00000000ea100000| Complete 
| 162|0x00000000ea200000, 0x00000000ea300000, 0x00000000ea300000|100%| E|CS|TAMS 0x00000000ea200000, 0x00000000ea200000| Complete 
| 163|0x00000000ea300000, 0x00000000ea400000, 0x00000000ea400000|100%| E|CS|TAMS 0x00000000ea300000, 0x00000000ea300000| Complete 
| 164|0x00000000ea400000, 0x00000000ea500000, 0x00000000ea500000|100%| E|CS|TAMS 0x00000000ea400000, 0x00000000ea400000| Complete 
| 165|0x00000000ea500000, 0x00000000ea600000, 0x00000000ea600000|100%| E|CS|TAMS 0x00000000ea500000, 0x00000000ea500000| Complete 
| 166|0x00000000ea600000, 0x00000000ea700000, 0x00000000ea700000|100%| E|CS|TAMS 0x00000000ea600000, 0x00000000ea600000| Complete 
| 167|0x00000000ea700000, 0x00000000ea800000, 0x00000000ea800000|100%| E|CS|TAMS 0x00000000ea700000, 0x00000000ea700000| Complete 
| 168|0x00000000ea800000, 0x00000000ea900000, 0x00000000ea900000|100%| E|CS|TAMS 0x00000000ea800000, 0x00000000ea800000| Complete 
| 169|0x00000000ea900000, 0x00000000eaa00000, 0x00000000eaa00000|100%| E|CS|TAMS 0x00000000ea900000, 0x00000000ea900000| Complete 
| 170|0x00000000eaa00000, 0x00000000eab00000, 0x00000000eab00000|100%| E|CS|TAMS 0x00000000eaa00000, 0x00000000eaa00000| Complete 
| 171|0x00000000eab00000, 0x00000000eac00000, 0x00000000eac00000|100%| E|CS|TAMS 0x00000000eab00000, 0x00000000eab00000| Complete 
| 172|0x00000000eac00000, 0x00000000ead00000, 0x00000000ead00000|100%| E|CS|TAMS 0x00000000eac00000, 0x00000000eac00000| Complete 
| 173|0x00000000ead00000, 0x00000000eae00000, 0x00000000eae00000|100%| E|CS|TAMS 0x00000000ead00000, 0x00000000ead00000| Complete 
| 174|0x00000000eae00000, 0x00000000eaf00000, 0x00000000eaf00000|100%| E|CS|TAMS 0x00000000eae00000, 0x00000000eae00000| Complete 
| 175|0x00000000eaf00000, 0x00000000eb000000, 0x00000000eb000000|100%| E|CS|TAMS 0x00000000eaf00000, 0x00000000eaf00000| Complete 
| 176|0x00000000eb000000, 0x00000000eb100000, 0x00000000eb100000|100%| E|CS|TAMS 0x00000000eb000000, 0x00000000eb000000| Complete 
| 177|0x00000000eb100000, 0x00000000eb200000, 0x00000000eb200000|100%| E|CS|TAMS 0x00000000eb100000, 0x00000000eb100000| Complete 
| 178|0x00000000eb200000, 0x00000000eb300000, 0x00000000eb300000|100%| E|CS|TAMS 0x00000000eb200000, 0x00000000eb200000| Complete 
| 179|0x00000000eb300000, 0x00000000eb400000, 0x00000000eb400000|100%| E|CS|TAMS 0x00000000eb300000, 0x00000000eb300000| Complete 
| 180|0x00000000eb400000, 0x00000000eb500000, 0x00000000eb500000|100%| E|CS|TAMS 0x00000000eb400000, 0x00000000eb400000| Complete 
| 181|0x00000000eb500000, 0x00000000eb600000, 0x00000000eb600000|100%| E|CS|TAMS 0x00000000eb500000, 0x00000000eb500000| Complete 
| 182|0x00000000eb600000, 0x00000000eb700000, 0x00000000eb700000|100%| E|CS|TAMS 0x00000000eb600000, 0x00000000eb600000| Complete 
| 183|0x00000000eb700000, 0x00000000eb800000, 0x00000000eb800000|100%| E|CS|TAMS 0x00000000eb700000, 0x00000000eb700000| Complete 
| 184|0x00000000eb800000, 0x00000000eb900000, 0x00000000eb900000|100%| E|CS|TAMS 0x00000000eb800000, 0x00000000eb800000| Complete 
| 185|0x00000000eb900000, 0x00000000eba00000, 0x00000000eba00000|100%| E|CS|TAMS 0x00000000eb900000, 0x00000000eb900000| Complete 
| 186|0x00000000eba00000, 0x00000000ebb00000, 0x00000000ebb00000|100%| E|CS|TAMS 0x00000000eba00000, 0x00000000eba00000| Complete 
| 187|0x00000000ebb00000, 0x00000000ebc00000, 0x00000000ebc00000|100%| E|CS|TAMS 0x00000000ebb00000, 0x00000000ebb00000| Complete 
| 188|0x00000000ebc00000, 0x00000000ebd00000, 0x00000000ebd00000|100%| E|CS|TAMS 0x00000000ebc00000, 0x00000000ebc00000| Complete 
| 189|0x00000000ebd00000, 0x00000000ebe00000, 0x00000000ebe00000|100%| E|CS|TAMS 0x00000000ebd00000, 0x00000000ebd00000| Complete 
| 190|0x00000000ebe00000, 0x00000000ebf00000, 0x00000000ebf00000|100%| E|  |TAMS 0x00000000ebe00000, 0x00000000ebe00000| Complete 
| 191|0x00000000ebf00000, 0x00000000ec000000, 0x00000000ec000000|100%| E|CS|TAMS 0x00000000ebf00000, 0x00000000ebf00000| Complete 
| 192|0x00000000ec000000, 0x00000000ec100000, 0x00000000ec100000|100%| E|CS|TAMS 0x00000000ec000000, 0x00000000ec000000| Complete 
| 193|0x00000000ec100000, 0x00000000ec200000, 0x00000000ec200000|100%| E|CS|TAMS 0x00000000ec100000, 0x00000000ec100000| Complete 
| 194|0x00000000ec200000, 0x00000000ec300000, 0x00000000ec300000|100%| E|CS|TAMS 0x00000000ec200000, 0x00000000ec200000| Complete 
| 195|0x00000000ec300000, 0x00000000ec400000, 0x00000000ec400000|100%| E|CS|TAMS 0x00000000ec300000, 0x00000000ec300000| Complete 
| 196|0x00000000ec400000, 0x00000000ec500000, 0x00000000ec500000|100%| E|CS|TAMS 0x00000000ec400000, 0x00000000ec400000| Complete 
| 197|0x00000000ec500000, 0x00000000ec600000, 0x00000000ec600000|100%| E|CS|TAMS 0x00000000ec500000, 0x00000000ec500000| Complete 
| 198|0x00000000ec600000, 0x00000000ec700000, 0x00000000ec700000|100%| E|CS|TAMS 0x00000000ec600000, 0x00000000ec600000| Complete 
| 199|0x00000000ec700000, 0x00000000ec800000, 0x00000000ec800000|100%| E|CS|TAMS 0x00000000ec700000, 0x00000000ec700000| Complete 
| 200|0x00000000ec800000, 0x00000000ec900000, 0x00000000ec900000|100%| E|CS|TAMS 0x00000000ec800000, 0x00000000ec800000| Complete 
| 201|0x00000000ec900000, 0x00000000eca00000, 0x00000000eca00000|100%| E|CS|TAMS 0x00000000ec900000, 0x00000000ec900000| Complete 
| 202|0x00000000eca00000, 0x00000000ecb00000, 0x00000000ecb00000|100%| E|CS|TAMS 0x00000000eca00000, 0x00000000eca00000| Complete 
| 203|0x00000000ecb00000, 0x00000000ecc00000, 0x00000000ecc00000|100%| E|CS|TAMS 0x00000000ecb00000, 0x00000000ecb00000| Complete 
| 204|0x00000000ecc00000, 0x00000000ecd00000, 0x00000000ecd00000|100%| E|CS|TAMS 0x00000000ecc00000, 0x00000000ecc00000| Complete 
| 205|0x00000000ecd00000, 0x00000000ece00000, 0x00000000ece00000|100%| E|CS|TAMS 0x00000000ecd00000, 0x00000000ecd00000| Complete 
| 206|0x00000000ece00000, 0x00000000ecf00000, 0x00000000ecf00000|100%| E|CS|TAMS 0x00000000ece00000, 0x00000000ece00000| Complete 
| 207|0x00000000ecf00000, 0x00000000ed000000, 0x00000000ed000000|100%| E|CS|TAMS 0x00000000ecf00000, 0x00000000ecf00000| Complete 
| 208|0x00000000ed000000, 0x00000000ed100000, 0x00000000ed100000|100%| E|CS|TAMS 0x00000000ed000000, 0x00000000ed000000| Complete 
| 209|0x00000000ed100000, 0x00000000ed200000, 0x00000000ed200000|100%| E|CS|TAMS 0x00000000ed100000, 0x00000000ed100000| Complete 
| 210|0x00000000ed200000, 0x00000000ed300000, 0x00000000ed300000|100%| E|CS|TAMS 0x00000000ed200000, 0x00000000ed200000| Complete 
| 211|0x00000000ed300000, 0x00000000ed400000, 0x00000000ed400000|100%| E|CS|TAMS 0x00000000ed300000, 0x00000000ed300000| Complete 
| 212|0x00000000ed400000, 0x00000000ed500000, 0x00000000ed500000|100%| E|CS|TAMS 0x00000000ed400000, 0x00000000ed400000| Complete 
| 213|0x00000000ed500000, 0x00000000ed600000, 0x00000000ed600000|100%| E|CS|TAMS 0x00000000ed500000, 0x00000000ed500000| Complete 
| 214|0x00000000ed600000, 0x00000000ed700000, 0x00000000ed700000|100%| E|CS|TAMS 0x00000000ed600000, 0x00000000ed600000| Complete 
| 215|0x00000000ed700000, 0x00000000ed800000, 0x00000000ed800000|100%| E|CS|TAMS 0x00000000ed700000, 0x00000000ed700000| Complete 
| 216|0x00000000ed800000, 0x00000000ed900000, 0x00000000ed900000|100%| E|CS|TAMS 0x00000000ed800000, 0x00000000ed800000| Complete 
| 217|0x00000000ed900000, 0x00000000eda00000, 0x00000000eda00000|100%| E|CS|TAMS 0x00000000ed900000, 0x00000000ed900000| Complete 
| 218|0x00000000eda00000, 0x00000000edb00000, 0x00000000edb00000|100%| E|CS|TAMS 0x00000000eda00000, 0x00000000eda00000| Complete 
| 219|0x00000000edb00000, 0x00000000edc00000, 0x00000000edc00000|100%| E|CS|TAMS 0x00000000edb00000, 0x00000000edb00000| Complete 
| 220|0x00000000edc00000, 0x00000000edd00000, 0x00000000edd00000|100%| E|CS|TAMS 0x00000000edc00000, 0x00000000edc00000| Complete 
| 221|0x00000000edd00000, 0x00000000ede00000, 0x00000000ede00000|100%| S|CS|TAMS 0x00000000edd00000, 0x00000000edd00000| Complete 
| 222|0x00000000ede00000, 0x00000000edf00000, 0x00000000edf00000|100%| S|CS|TAMS 0x00000000ede00000, 0x00000000ede00000| Complete 
| 223|0x00000000edf00000, 0x00000000ee000000, 0x00000000ee000000|100%| S|CS|TAMS 0x00000000edf00000, 0x00000000edf00000| Complete 
| 224|0x00000000ee000000, 0x00000000ee100000, 0x00000000ee100000|100%| S|CS|TAMS 0x00000000ee000000, 0x00000000ee000000| Complete 
| 225|0x00000000ee100000, 0x00000000ee200000, 0x00000000ee200000|100%| S|CS|TAMS 0x00000000ee100000, 0x00000000ee100000| Complete 
| 226|0x00000000ee200000, 0x00000000ee300000, 0x00000000ee300000|100%| S|CS|TAMS 0x00000000ee200000, 0x00000000ee200000| Complete 
| 227|0x00000000ee300000, 0x00000000ee400000, 0x00000000ee400000|100%| S|CS|TAMS 0x00000000ee300000, 0x00000000ee300000| Complete 
| 228|0x00000000ee400000, 0x00000000ee500000, 0x00000000ee500000|100%| S|CS|TAMS 0x00000000ee400000, 0x00000000ee400000| Complete 
| 229|0x00000000ee500000, 0x00000000ee600000, 0x00000000ee600000|100%| S|CS|TAMS 0x00000000ee500000, 0x00000000ee500000| Complete 
| 230|0x00000000ee600000, 0x00000000ee700000, 0x00000000ee700000|100%| S|CS|TAMS 0x00000000ee600000, 0x00000000ee600000| Complete 
| 231|0x00000000ee700000, 0x00000000ee800000, 0x00000000ee800000|100%| S|CS|TAMS 0x00000000ee700000, 0x00000000ee700000| Complete 
| 232|0x00000000ee800000, 0x00000000ee900000, 0x00000000ee900000|100%| E|CS|TAMS 0x00000000ee800000, 0x00000000ee800000| Complete 
| 233|0x00000000ee900000, 0x00000000eea00000, 0x00000000eea00000|100%| E|CS|TAMS 0x00000000ee900000, 0x00000000ee900000| Complete 
| 234|0x00000000eea00000, 0x00000000eeb00000, 0x00000000eeb00000|100%| E|CS|TAMS 0x00000000eea00000, 0x00000000eea00000| Complete 
| 235|0x00000000eeb00000, 0x00000000eec00000, 0x00000000eec00000|100%| E|CS|TAMS 0x00000000eeb00000, 0x00000000eeb00000| Complete 
| 236|0x00000000eec00000, 0x00000000eed00000, 0x00000000eed00000|100%| E|CS|TAMS 0x00000000eec00000, 0x00000000eec00000| Complete 
| 237|0x00000000eed00000, 0x00000000eee00000, 0x00000000eee00000|100%| E|CS|TAMS 0x00000000eed00000, 0x00000000eed00000| Complete 
| 238|0x00000000eee00000, 0x00000000eef00000, 0x00000000eef00000|100%| E|CS|TAMS 0x00000000eee00000, 0x00000000eee00000| Complete 
| 239|0x00000000eef00000, 0x00000000ef000000, 0x00000000ef000000|100%| E|CS|TAMS 0x00000000eef00000, 0x00000000eef00000| Complete 
| 240|0x00000000ef000000, 0x00000000ef100000, 0x00000000ef100000|100%| E|CS|TAMS 0x00000000ef000000, 0x00000000ef000000| Complete 
| 241|0x00000000ef100000, 0x00000000ef200000, 0x00000000ef200000|100%| E|CS|TAMS 0x00000000ef100000, 0x00000000ef100000| Complete 
| 242|0x00000000ef200000, 0x00000000ef300000, 0x00000000ef300000|100%| E|CS|TAMS 0x00000000ef200000, 0x00000000ef200000| Complete 
| 243|0x00000000ef300000, 0x00000000ef400000, 0x00000000ef400000|100%| E|CS|TAMS 0x00000000ef300000, 0x00000000ef300000| Complete 
| 244|0x00000000ef400000, 0x00000000ef500000, 0x00000000ef500000|100%| E|CS|TAMS 0x00000000ef400000, 0x00000000ef400000| Complete 
| 245|0x00000000ef500000, 0x00000000ef600000, 0x00000000ef600000|100%| E|CS|TAMS 0x00000000ef500000, 0x00000000ef500000| Complete 
| 246|0x00000000ef600000, 0x00000000ef700000, 0x00000000ef700000|100%| E|CS|TAMS 0x00000000ef600000, 0x00000000ef600000| Complete 
| 247|0x00000000ef700000, 0x00000000ef800000, 0x00000000ef800000|100%| E|CS|TAMS 0x00000000ef700000, 0x00000000ef700000| Complete 
| 248|0x00000000ef800000, 0x00000000ef900000, 0x00000000ef900000|100%| E|CS|TAMS 0x00000000ef800000, 0x00000000ef800000| Complete 
| 249|0x00000000ef900000, 0x00000000efa00000, 0x00000000efa00000|100%| E|CS|TAMS 0x00000000ef900000, 0x00000000ef900000| Complete 
| 250|0x00000000efa00000, 0x00000000efb00000, 0x00000000efb00000|100%| E|CS|TAMS 0x00000000efa00000, 0x00000000efa00000| Complete 
| 251|0x00000000efb00000, 0x00000000efc00000, 0x00000000efc00000|100%| E|CS|TAMS 0x00000000efb00000, 0x00000000efb00000| Complete 
| 252|0x00000000efc00000, 0x00000000efd00000, 0x00000000efd00000|100%| E|CS|TAMS 0x00000000efc00000, 0x00000000efc00000| Complete 
| 253|0x00000000efd00000, 0x00000000efe00000, 0x00000000efe00000|100%| E|CS|TAMS 0x00000000efd00000, 0x00000000efd00000| Complete 
| 254|0x00000000efe00000, 0x00000000eff00000, 0x00000000eff00000|100%| E|CS|TAMS 0x00000000efe00000, 0x00000000efe00000| Complete 
| 255|0x00000000eff00000, 0x00000000f0000000, 0x00000000f0000000|100%| E|CS|TAMS 0x00000000eff00000, 0x00000000eff00000| Complete 

Card table byte_map: [0x000001c7359d0000,0x000001c735ad0000] _byte_map_base: 0x000001c7352d0000

Marking Bits (Prev, Next): (CMBitMap*) 0x000001c71ee71610, (CMBitMap*) 0x000001c71ee715d0
 Prev Bits: [0x000001c7363d0000, 0x000001c736bd0000)
 Next Bits: [0x000001c735bd0000, 0x000001c7363d0000)

Polling page: 0x000001c71cd10000

Metaspace:

Usage:
  Non-class:     51.04 MB used.
      Class:      7.70 MB used.
       Both:     58.74 MB used.

Virtual space:
  Non-class space:       56.00 MB reserved,      51.38 MB ( 92%) committed,  7 nodes.
      Class space:      208.00 MB reserved,       8.00 MB (  4%) committed,  1 nodes.
              Both:      264.00 MB reserved,      59.38 MB ( 22%) committed. 

Chunk freelists:
   Non-Class:  121.00 KB
       Class:  3.83 MB
        Both:  3.95 MB

MaxMetaspaceSize: 256.00 MB
CompressedClassSpaceSize: 208.00 MB
 - commit_granule_bytes: 65536.
 - commit_granule_words: 8192.
 - virtual_space_node_default_size: 1048576.
 - enlarge_chunks_in_place: 1.
 - new_chunks_are_fully_committed: 0.
 - uncommit_free_chunks: 1.
 - use_allocation_guard: 0.
 - handle_deallocations: 1.


Internal statistics:

num_allocs_failed_limit: 9.
num_arena_births: 966.
num_arena_deaths: 102.
num_vsnodes_births: 8.
num_vsnodes_deaths: 0.
num_space_committed: 950.
num_space_uncommitted: 0.
num_chunks_returned_to_freelist: 112.
num_chunks_taken_from_freelist: 3505.
num_chunk_merges: 40.
num_chunk_splits: 2188.
num_chunks_enlarged: 1343.
num_purges: 2.

CodeHeap 'non-profiled nmethods': size=120000Kb used=6055Kb max_used=6132Kb free=113944Kb
 bounds [0x000001c72e070000, 0x000001c72e670000, 0x000001c7355a0000]
CodeHeap 'profiled nmethods': size=120000Kb used=21060Kb max_used=21712Kb free=98939Kb
 bounds [0x000001c726b40000, 0x000001c728080000, 0x000001c72e070000]
CodeHeap 'non-nmethods': size=5760Kb used=2352Kb max_used=2450Kb free=3408Kb
 bounds [0x000001c7265a0000, 0x000001c726820000, 0x000001c726b40000]
 total_blobs=10894 nmethods=10026 adapters=780
 compilation: enabled
              stopped_count=0, restarted_count=0
 full_count=0

Compilation events (20 events):
Event: 946.124 Thread 0x000001c739617530 11673       3       org.gradle.api.internal.CompositeDomainObjectSet$DomainObjectCompositeCollection::isEmpty (45 bytes)
Event: 946.125 Thread 0x000001c739617530 nmethod 11673 0x000001c726efde90 code [0x000001c726efe0a0, 0x000001c726efe718]
Event: 946.125 Thread 0x000001c739617530 11674       3       org.gradle.internal.work.DefaultWorkerLeaseService$DefaultWorkerLease::releaseLease (28 bytes)
Event: 946.126 Thread 0x000001c739617530 nmethod 11674 0x000001c726efd990 code [0x000001c726efdb40, 0x000001c726efdd38]
Event: 946.126 Thread 0x000001c739617530 11675       3       org.gradle.execution.plan.ValuedVfsHierarchy::recordValue (73 bytes)
Event: 946.127 Thread 0x000001c739617530 nmethod 11675 0x000001c727735a90 code [0x000001c727735ce0, 0x000001c727736858]
Event: 946.127 Thread 0x000001c739617530 11676       3       org.gradle.execution.plan.ValuedVfsHierarchy$2::<init> (20 bytes)
Event: 946.127 Thread 0x000001c739617530 nmethod 11676 0x000001c726efd490 code [0x000001c726efd640, 0x000001c726efd8b8]
Event: 946.127 Thread 0x000001c739617530 11677       3       com.google.common.collect.AbstractIndexedListIterator::<init> (21 bytes)
Event: 946.127 Thread 0x000001c739617530 nmethod 11677 0x000001c726efce90 code [0x000001c726efd060, 0x000001c726efd348]
Event: 946.127 Thread 0x000001c739617530 11678       3       com.google.common.collect.UnmodifiableListIterator::<init> (5 bytes)
Event: 946.127 Thread 0x000001c739617530 nmethod 11678 0x000001c726efc910 code [0x000001c726efcac0, 0x000001c726efcc78]
Event: 946.127 Thread 0x000001c739617530 11679       3       java.util.stream.ForEachOps$ForEachOp$OfRef::evaluateSequential (7 bytes)
Event: 946.127 Thread 0x000001c739617530 nmethod 11679 0x000001c727735310 code [0x000001c7277354e0, 0x000001c727735928]
Event: 946.127 Thread 0x000001c739617530 11680       3       java.util.stream.ForEachOps$ForEachOp::evaluateSequential (13 bytes)
Event: 946.127 Thread 0x000001c739617530 nmethod 11680 0x000001c727734c10 code [0x000001c727734de0, 0x000001c7277351a8]
Event: 946.127 Thread 0x000001c739617530 11681       3       java.util.TreeMap$EntrySet::iterator (19 bytes)
Event: 946.128 Thread 0x000001c739617530 nmethod 11681 0x000001c727734310 code [0x000001c7277344e0, 0x000001c727734a18]
Event: 946.128 Thread 0x000001c739617530 11682       3       java.util.TreeMap$EntryIterator::<init> (12 bytes)
Event: 946.128 Thread 0x000001c739617530 nmethod 11682 0x000001c727733d10 code [0x000001c727733ec0, 0x000001c7277341d8]

GC Heap History (14 events):
Event: 3.797 GC heap before
{Heap before GC invocations=0 (full 0):
 garbage-first heap   total 262144K, used 28672K [0x00000000e0000000, 0x0000000100000000)
  region size 1024K, 23 young (23552K), 0 survivors (0K)
 Metaspace       used 3186K, committed 3328K, reserved 221184K
  class space    used 390K, committed 448K, reserved 212992K
}
Event: 3.801 GC heap after
{Heap after GC invocations=1 (full 0):
 garbage-first heap   total 262144K, used 9407K [0x00000000e0000000, 0x0000000100000000)
  region size 1024K, 3 young (3072K), 3 survivors (3072K)
 Metaspace       used 3186K, committed 3328K, reserved 221184K
  class space    used 390K, committed 448K, reserved 212992K
}
Event: 5.432 GC heap before
{Heap before GC invocations=1 (full 0):
 garbage-first heap   total 262144K, used 33983K [0x00000000e0000000, 0x0000000100000000)
  region size 1024K, 28 young (28672K), 3 survivors (3072K)
 Metaspace       used 4088K, committed 4288K, reserved 221184K
  class space    used 486K, committed 576K, reserved 212992K
}
Event: 5.434 GC heap after
{Heap after GC invocations=2 (full 0):
 garbage-first heap   total 262144K, used 9924K [0x00000000e0000000, 0x0000000100000000)
  region size 1024K, 1 young (1024K), 1 survivors (1024K)
 Metaspace       used 4088K, committed 4288K, reserved 221184K
  class space    used 486K, committed 576K, reserved 212992K
}
Event: 10.112 GC heap before
{Heap before GC invocations=2 (full 0):
 garbage-first heap   total 262144K, used 122564K [0x00000000e0000000, 0x0000000100000000)
  region size 1024K, 112 young (114688K), 1 survivors (1024K)
 Metaspace       used 20973K, committed 21248K, reserved 237568K
  class space    used 3105K, committed 3264K, reserved 212992K
}
Event: 10.119 GC heap after
{Heap after GC invocations=3 (full 0):
 garbage-first heap   total 262144K, used 20454K [0x00000000e0000000, 0x0000000100000000)
  region size 1024K, 11 young (11264K), 11 survivors (11264K)
 Metaspace       used 20973K, committed 21248K, reserved 237568K
  class space    used 3105K, committed 3264K, reserved 212992K
}
Event: 11.463 GC heap before
{Heap before GC invocations=4 (full 0):
 garbage-first heap   total 262144K, used 125926K [0x00000000e0000000, 0x0000000100000000)
  region size 1024K, 112 young (114688K), 11 survivors (11264K)
 Metaspace       used 35212K, committed 35520K, reserved 245760K
  class space    used 4780K, committed 4928K, reserved 212992K
}
Event: 11.476 GC heap after
{Heap after GC invocations=5 (full 0):
 garbage-first heap   total 262144K, used 29507K [0x00000000e0000000, 0x0000000100000000)
  region size 1024K, 10 young (10240K), 10 survivors (10240K)
 Metaspace       used 35212K, committed 35520K, reserved 245760K
  class space    used 4780K, committed 4928K, reserved 212992K
}
Event: 14.263 GC heap before
{Heap before GC invocations=6 (full 0):
 garbage-first heap   total 262144K, used 160579K [0x00000000e0000000, 0x0000000100000000)
  region size 1024K, 138 young (141312K), 10 survivors (10240K)
 Metaspace       used 45630K, committed 46080K, reserved 253952K
  class space    used 6426K, committed 6592K, reserved 212992K
}
Event: 14.276 GC heap after
{Heap after GC invocations=7 (full 0):
 garbage-first heap   total 262144K, used 39454K [0x00000000e0000000, 0x0000000100000000)
  region size 1024K, 18 young (18432K), 18 survivors (18432K)
 Metaspace       used 45630K, committed 46080K, reserved 253952K
  class space    used 6426K, committed 6592K, reserved 212992K
}
Event: 744.965 GC heap before
{Heap before GC invocations=7 (full 0):
 garbage-first heap   total 262144K, used 176670K [0x00000000e0000000, 0x0000000100000000)
  region size 1024K, 153 young (156672K), 18 survivors (18432K)
 Metaspace       used 58818K, committed 59456K, reserved 270336K
  class space    used 7826K, committed 8128K, reserved 212992K
}
Event: 744.985 GC heap after
{Heap after GC invocations=8 (full 0):
 garbage-first heap   total 262144K, used 44890K [0x00000000e0000000, 0x0000000100000000)
  region size 1024K, 15 young (15360K), 15 survivors (15360K)
 Metaspace       used 58818K, committed 59456K, reserved 270336K
  class space    used 7826K, committed 8128K, reserved 212992K
}
Event: 745.255 GC heap before
{Heap before GC invocations=8 (full 0):
 garbage-first heap   total 262144K, used 67418K [0x00000000e0000000, 0x0000000100000000)
  region size 1024K, 39 young (39936K), 15 survivors (15360K)
 Metaspace       used 58952K, committed 59520K, reserved 270336K
  class space    used 7826K, committed 8128K, reserved 212992K
}
Event: 745.270 GC heap after
{Heap after GC invocations=9 (full 0):
 garbage-first heap   total 262144K, used 50830K [0x00000000e0000000, 0x0000000100000000)
  region size 1024K, 11 young (11264K), 11 survivors (11264K)
 Metaspace       used 58952K, committed 59520K, reserved 270336K
  class space    used 7826K, committed 8128K, reserved 212992K
}

Deoptimization events (20 events):
Event: 931.977 Thread 0x000001c73acec5e0 DEOPT PACKING pc=0x000001c72e1a8fcc sp=0x000000763fff7700
Event: 931.977 Thread 0x000001c73acec5e0 DEOPT UNPACKING pc=0x000001c7265ed72e sp=0x000000763fff76a0 mode 2
Event: 931.992 Thread 0x000001c73aefcab0 DEOPT PACKING pc=0x000001c727322061 sp=0x0000007642efdb70
Event: 931.992 Thread 0x000001c73aefcab0 DEOPT UNPACKING pc=0x000001c7265edece sp=0x0000007642efd068 mode 0
Event: 946.066 Thread 0x000001c73acec5e0 Uncommon trap: trap_request=0xffffffbe fr.pc=0x000001c72e1a8fcc relative=0x0000000000000d2c
Event: 946.066 Thread 0x000001c73acec5e0 Uncommon trap: reason=profile_predicate action=maybe_recompile pc=0x000001c72e1a8fcc method=com.google.common.collect.ImmutableSet.construct(I[Ljava/lang/Object;)Lcom/google/common/collect/ImmutableSet; @ 68 c2
Event: 946.066 Thread 0x000001c73acec5e0 DEOPT PACKING pc=0x000001c72e1a8fcc sp=0x000000763fff7680
Event: 946.066 Thread 0x000001c73acec5e0 DEOPT UNPACKING pc=0x000001c7265ed72e sp=0x000000763fff7620 mode 2
Event: 946.067 Thread 0x000001c73acec5e0 Uncommon trap: trap_request=0xffffffbe fr.pc=0x000001c72e1a8fcc relative=0x0000000000000d2c
Event: 946.067 Thread 0x000001c73acec5e0 Uncommon trap: reason=profile_predicate action=maybe_recompile pc=0x000001c72e1a8fcc method=com.google.common.collect.ImmutableSet.construct(I[Ljava/lang/Object;)Lcom/google/common/collect/ImmutableSet; @ 68 c2
Event: 946.067 Thread 0x000001c73acec5e0 DEOPT PACKING pc=0x000001c72e1a8fcc sp=0x000000763fff7680
Event: 946.067 Thread 0x000001c73acec5e0 DEOPT UNPACKING pc=0x000001c7265ed72e sp=0x000000763fff7620 mode 2
Event: 946.105 Thread 0x000001c73aefbac0 Uncommon trap: trap_request=0xffffff45 fr.pc=0x000001c72e525148 relative=0x0000000000001608
Event: 946.105 Thread 0x000001c73aefbac0 Uncommon trap: reason=unstable_if action=reinterpret pc=0x000001c72e525148 method=java.util.concurrent.ConcurrentHashMap.addCount(JI)V @ 97 c2
Event: 946.105 Thread 0x000001c73aefbac0 DEOPT PACKING pc=0x000001c72e525148 sp=0x00000076437fdf90
Event: 946.105 Thread 0x000001c73aefbac0 DEOPT UNPACKING pc=0x000001c7265ed72e sp=0x00000076437fde60 mode 2
Event: 946.116 Thread 0x000001c74090ed90 Uncommon trap: trap_request=0xffffffcc fr.pc=0x000001c72e2638d8 relative=0x0000000000000338
Event: 946.116 Thread 0x000001c74090ed90 Uncommon trap: reason=intrinsic_or_type_checked_inlining action=make_not_entrant pc=0x000001c72e2638d8 method=java.util.Arrays.copyOfRange([Ljava/lang/Object;IILjava/lang/Class;)[Ljava/lang/Object; @ 84 c2
Event: 946.116 Thread 0x000001c74090ed90 DEOPT PACKING pc=0x000001c72e2638d8 sp=0x0000007642efa990
Event: 946.116 Thread 0x000001c74090ed90 DEOPT UNPACKING pc=0x000001c7265ed72e sp=0x0000007642efa910 mode 2

Classes unloaded (20 events):
Event: 745.307 Thread 0x000001c7395da1a0 Unloading class 0x0000000800d68800 'java/lang/invoke/LambdaForm$MH+0x0000000800d68800'
Event: 745.307 Thread 0x000001c7395da1a0 Unloading class 0x0000000800cea400 'java/lang/invoke/LambdaForm$DMH+0x0000000800cea400'
Event: 745.307 Thread 0x000001c7395da1a0 Unloading class 0x0000000800ce9c00 'java/lang/invoke/LambdaForm$DMH+0x0000000800ce9c00'
Event: 745.307 Thread 0x000001c7395da1a0 Unloading class 0x0000000800ce9800 'java/lang/invoke/LambdaForm$MH+0x0000000800ce9800'
Event: 745.307 Thread 0x000001c7395da1a0 Unloading class 0x0000000800ce9400 'java/lang/invoke/LambdaForm$MH+0x0000000800ce9400'
Event: 745.307 Thread 0x000001c7395da1a0 Unloading class 0x0000000800ce9000 'java/lang/invoke/LambdaForm$MH+0x0000000800ce9000'
Event: 745.307 Thread 0x000001c7395da1a0 Unloading class 0x0000000800ce8c00 'java/lang/invoke/LambdaForm$MH+0x0000000800ce8c00'
Event: 745.307 Thread 0x000001c7395da1a0 Unloading class 0x0000000800ce8800 'java/lang/invoke/LambdaForm$MH+0x0000000800ce8800'
Event: 745.307 Thread 0x000001c7395da1a0 Unloading class 0x0000000800ce8400 'java/lang/invoke/LambdaForm$MH+0x0000000800ce8400'
Event: 745.307 Thread 0x000001c7395da1a0 Unloading class 0x0000000800ce8000 'java/lang/invoke/LambdaForm$MH+0x0000000800ce8000'
Event: 745.307 Thread 0x000001c7395da1a0 Unloading class 0x0000000800cc7000 'java/lang/invoke/LambdaForm$MH+0x0000000800cc7000'
Event: 745.307 Thread 0x000001c7395da1a0 Unloading class 0x0000000800cc6800 'java/lang/invoke/LambdaForm$MH+0x0000000800cc6800'
Event: 745.307 Thread 0x000001c7395da1a0 Unloading class 0x0000000800cc6400 'java/lang/invoke/LambdaForm$MH+0x0000000800cc6400'
Event: 745.307 Thread 0x000001c7395da1a0 Unloading class 0x0000000800cc6000 'java/lang/invoke/LambdaForm$MH+0x0000000800cc6000'
Event: 745.307 Thread 0x000001c7395da1a0 Unloading class 0x0000000800cc5c00 'java/lang/invoke/LambdaForm$MH+0x0000000800cc5c00'
Event: 745.307 Thread 0x000001c7395da1a0 Unloading class 0x0000000800cc5400 'java/lang/invoke/LambdaForm$MH+0x0000000800cc5400'
Event: 745.307 Thread 0x000001c7395da1a0 Unloading class 0x0000000800c26c00 'java/lang/invoke/LambdaForm$MH+0x0000000800c26c00'
Event: 745.307 Thread 0x000001c7395da1a0 Unloading class 0x0000000800c26800 'java/lang/invoke/LambdaForm$MH+0x0000000800c26800'
Event: 745.307 Thread 0x000001c7395da1a0 Unloading class 0x0000000800c26000 'java/lang/invoke/LambdaForm$MH+0x0000000800c26000'
Event: 745.307 Thread 0x000001c7395da1a0 Unloading class 0x0000000800c24400 'java/lang/invoke/LambdaForm$MH+0x0000000800c24400'

Classes redefined (0 events):
No events

Internal exceptions (20 events):
Event: 760.304 Thread 0x000001c74090e2f0 Exception <a 'sun/nio/fs/WindowsException'{0x00000000ec2ff818}> (0x00000000ec2ff818) 
thrown [t:\workspace\open\src\hotspot\share\prims\jni.cpp, line 579]
Event: 760.307 Thread 0x000001c74090e2f0 Exception <a 'sun/nio/fs/WindowsException'{0x00000000ec125c98}> (0x00000000ec125c98) 
thrown [t:\workspace\open\src\hotspot\share\prims\jni.cpp, line 579]
Event: 760.315 Thread 0x000001c74090e2f0 Exception <a 'sun/nio/fs/WindowsException'{0x00000000ec139060}> (0x00000000ec139060) 
thrown [t:\workspace\open\src\hotspot\share\prims\jni.cpp, line 579]
Event: 760.319 Thread 0x000001c74090e2f0 Exception <a 'sun/nio/fs/WindowsException'{0x00000000ec152b20}> (0x00000000ec152b20) 
thrown [t:\workspace\open\src\hotspot\share\prims\jni.cpp, line 579]
Event: 760.323 Thread 0x000001c74090e2f0 Exception <a 'sun/nio/fs/WindowsException'{0x00000000ec16e248}> (0x00000000ec16e248) 
thrown [t:\workspace\open\src\hotspot\share\prims\jni.cpp, line 579]
Event: 760.327 Thread 0x000001c74090e2f0 Exception <a 'sun/nio/fs/WindowsException'{0x00000000ec184b38}> (0x00000000ec184b38) 
thrown [t:\workspace\open\src\hotspot\share\prims\jni.cpp, line 579]
Event: 760.331 Thread 0x000001c74090e2f0 Exception <a 'sun/nio/fs/WindowsException'{0x00000000ec198918}> (0x00000000ec198918) 
thrown [t:\workspace\open\src\hotspot\share\prims\jni.cpp, line 579]
Event: 760.334 Thread 0x000001c74090e2f0 Exception <a 'sun/nio/fs/WindowsException'{0x00000000ec1b0a38}> (0x00000000ec1b0a38) 
thrown [t:\workspace\open\src\hotspot\share\prims\jni.cpp, line 579]
Event: 760.338 Thread 0x000001c74090e2f0 Exception <a 'sun/nio/fs/WindowsException'{0x00000000ec1c9a10}> (0x00000000ec1c9a10) 
thrown [t:\workspace\open\src\hotspot\share\prims\jni.cpp, line 579]
Event: 760.342 Thread 0x000001c74090e2f0 Exception <a 'sun/nio/fs/WindowsException'{0x00000000ec1fcbf0}> (0x00000000ec1fcbf0) 
thrown [t:\workspace\open\src\hotspot\share\prims\jni.cpp, line 579]
Event: 760.450 Thread 0x000001c73c9a5ab0 Exception <a 'java/lang/NoSuchMethodError'{0x00000000ef446648}: static Lorg/gradle/internal/build/event/types/DefaultJavaCompileTaskSuccessResult;.<clinit>()V> (0x00000000ef446648) 
thrown [t:\workspace\open\src\hotspot\share\prims\jni.cpp, line 1210]
Event: 760.451 Thread 0x000001c73c9a5ab0 Exception <a 'java/lang/NoSuchMethodError'{0x00000000ef447e88}: static Lorg/gradle/internal/build/event/types/DefaultTaskSuccessResult;.<clinit>()V> (0x00000000ef447e88) 
thrown [t:\workspace\open\src\hotspot\share\prims\jni.cpp, line 1210]
Event: 918.191 Thread 0x000001c73acec5e0 Exception <a 'sun/nio/fs/WindowsException'{0x00000000eb33bd00}> (0x00000000eb33bd00) 
thrown [t:\workspace\open\src\hotspot\share\prims\jni.cpp, line 579]
Event: 918.191 Thread 0x000001c73acec5e0 Exception <a 'sun/nio/fs/WindowsException'{0x00000000eb33c080}> (0x00000000eb33c080) 
thrown [t:\workspace\open\src\hotspot\share\prims\jni.cpp, line 579]
Event: 918.322 Thread 0x000001c73aefc010 Exception <a 'java/lang/reflect/InvocationTargetException'{0x00000000eb07e088}> (0x00000000eb07e088) 
thrown [t:\workspace\open\src\hotspot\share\runtime\reflection.cpp, line 1157]
Event: 931.978 Thread 0x000001c73acec5e0 Exception <a 'sun/nio/fs/WindowsException'{0x00000000ea9c4378}> (0x00000000ea9c4378) 
thrown [t:\workspace\open\src\hotspot\share\prims\jni.cpp, line 579]
Event: 931.978 Thread 0x000001c73acec5e0 Exception <a 'sun/nio/fs/WindowsException'{0x00000000ea9c46f8}> (0x00000000ea9c46f8) 
thrown [t:\workspace\open\src\hotspot\share\prims\jni.cpp, line 579]
Event: 932.133 Thread 0x000001c73aefcab0 Exception <a 'java/lang/reflect/InvocationTargetException'{0x00000000ea6dd2c0}> (0x00000000ea6dd2c0) 
thrown [t:\workspace\open\src\hotspot\share\runtime\reflection.cpp, line 1157]
Event: 946.069 Thread 0x000001c73acec5e0 Exception <a 'sun/nio/fs/WindowsException'{0x00000000e9fb3350}> (0x00000000e9fb3350) 
thrown [t:\workspace\open\src\hotspot\share\prims\jni.cpp, line 579]
Event: 946.069 Thread 0x000001c73acec5e0 Exception <a 'sun/nio/fs/WindowsException'{0x00000000e9fb36d0}> (0x00000000e9fb36d0) 
thrown [t:\workspace\open\src\hotspot\share\prims\jni.cpp, line 579]

Events (20 events):
Event: 946.085 Thread 0x000001c73aefdaa0 Thread added: 0x000001c73aefdaa0
Event: 946.085 Thread 0x000001c73aefa580 Thread added: 0x000001c73aefa580
Event: 946.085 Thread 0x000001c73aefdff0 Thread added: 0x000001c73aefdff0
Event: 946.085 Thread 0x000001c73aefcab0 Thread added: 0x000001c73aefcab0
Event: 946.085 Thread 0x000001c73aefd550 Thread added: 0x000001c73aefd550
Event: 946.086 Thread 0x000001c73aef85a0 Thread added: 0x000001c73aef85a0
Event: 946.090 Thread 0x000001c73aefe540 Thread added: 0x000001c73aefe540
Event: 946.104 Thread 0x000001c73aefea90 Thread added: 0x000001c73aefea90
Event: 946.105 Thread 0x000001c73aefbac0 Thread added: 0x000001c73aefbac0
Event: 946.105 Thread 0x000001c73aef9590 Thread added: 0x000001c73aef9590
Event: 946.105 Thread 0x000001c73aef9ae0 Thread added: 0x000001c73aef9ae0
Event: 946.105 Thread 0x000001c73aefb020 Thread added: 0x000001c73aefb020
Event: 946.105 Thread 0x000001c73aefd000 Thread added: 0x000001c73aefd000
Event: 946.105 Thread 0x000001c73aef8050 Thread added: 0x000001c73aef8050
Event: 946.105 Thread 0x000001c73aefa030 Thread added: 0x000001c73aefa030
Event: 946.125 Thread 0x000001c73aef7060 Thread added: 0x000001c73aef7060
Event: 946.125 Thread 0x000001c73aefc010 Thread added: 0x000001c73aefc010
Event: 946.125 Thread 0x000001c73aefaad0 Thread added: 0x000001c73aefaad0
Event: 946.125 Thread 0x000001c73ee7e620 Thread added: 0x000001c73ee7e620
Event: 946.131 Thread 0x000001c73ee810a0 Thread added: 0x000001c73ee810a0


Dynamic libraries:
0x00007ff723570000 - 0x00007ff72357e000 	C:\Program Files\OpenJDK\jdk-16.0.2\bin\java.exe
0x00007ff92d100000 - 0x00007ff92d2f0000 	C:\windows\SYSTEM32\ntdll.dll
0x00007ff8fc640000 - 0x00007ff8fc656000 	C:\Program Files\AVG\Antivirus\aswhook.dll
0x00007ff92bd00000 - 0x00007ff92bdb2000 	C:\windows\System32\KERNEL32.DLL
0x00007ff92add0000 - 0x00007ff92b075000 	C:\windows\System32\KERNELBASE.dll
0x00007ff92ac20000 - 0x00007ff92ad1a000 	C:\windows\System32\ucrtbase.dll
0x00007ff923c70000 - 0x00007ff923c88000 	C:\Program Files\OpenJDK\jdk-16.0.2\bin\jli.dll
0x00007ff915ac0000 - 0x00007ff915ad9000 	C:\Program Files\OpenJDK\jdk-16.0.2\bin\VCRUNTIME140.dll
0x00007ff92cf20000 - 0x00007ff92d0b4000 	C:\windows\System32\USER32.dll
0x00007ff92b180000 - 0x00007ff92b1a1000 	C:\windows\System32\win32u.dll
0x00007ff92c280000 - 0x00007ff92c2a6000 	C:\windows\System32\GDI32.dll
0x00007ff9101f0000 - 0x00007ff910474000 	C:\windows\WinSxS\amd64_microsoft.windows.common-controls_6595b64144ccf1df_6.0.18362.1556_none_9e7e372fe45e41d5\COMCTL32.dll
0x00007ff92aa80000 - 0x00007ff92ac18000 	C:\windows\System32\gdi32full.dll
0x00007ff92c1e0000 - 0x00007ff92c27e000 	C:\windows\System32\msvcrt.dll
0x00007ff92a9e0000 - 0x00007ff92aa7e000 	C:\windows\System32\msvcp_win.dll
0x00007ff92bea0000 - 0x00007ff92c1d6000 	C:\windows\System32\combase.dll
0x00007ff92ccb0000 - 0x00007ff92cdcf000 	C:\windows\System32\RPCRT4.dll
0x00007ff92b0f0000 - 0x00007ff92b171000 	C:\windows\System32\bcryptPrimitives.dll
0x00007ff92c2b0000 - 0x00007ff92c2de000 	C:\windows\System32\IMM32.DLL
0x00007ff9266b0000 - 0x00007ff9266bc000 	C:\Program Files\OpenJDK\jdk-16.0.2\bin\vcruntime140_1.dll
0x00007ff8ea060000 - 0x00007ff8ea0f1000 	C:\Program Files\OpenJDK\jdk-16.0.2\bin\msvcp140.dll
0x00007ff8cdf20000 - 0x00007ff8ceacb000 	C:\Program Files\OpenJDK\jdk-16.0.2\bin\server\jvm.dll
0x00007ff92c2e0000 - 0x00007ff92c383000 	C:\windows\System32\ADVAPI32.dll
0x00007ff92c7a0000 - 0x00007ff92c837000 	C:\windows\System32\sechost.dll
0x00007ff92b1b0000 - 0x00007ff92b1b8000 	C:\windows\System32\PSAPI.DLL
0x00007ff927cc0000 - 0x00007ff927ce4000 	C:\windows\SYSTEM32\WINMM.dll
0x00007ff90cf50000 - 0x00007ff90cf59000 	C:\windows\SYSTEM32\WSOCK32.dll
0x00007ff9231b0000 - 0x00007ff9231ba000 	C:\windows\SYSTEM32\VERSION.dll
0x00007ff92cdd0000 - 0x00007ff92ce3f000 	C:\windows\System32\WS2_32.dll
0x00007ff927b60000 - 0x00007ff927b8d000 	C:\windows\SYSTEM32\winmmbase.dll
0x00007ff92b0a0000 - 0x00007ff92b0ea000 	C:\windows\System32\cfgmgr32.dll
0x00007ff92a030000 - 0x00007ff92a041000 	C:\windows\System32\kernel.appcore.dll
0x00007ff922ec0000 - 0x00007ff922eca000 	C:\Program Files\OpenJDK\jdk-16.0.2\bin\jimage.dll
0x00007ff9288a0000 - 0x00007ff928a94000 	C:\windows\SYSTEM32\DBGHELP.DLL
0x00007ff915970000 - 0x00007ff91599a000 	C:\windows\SYSTEM32\dbgcore.DLL
0x00007ff914ec0000 - 0x00007ff914ee5000 	C:\Program Files\OpenJDK\jdk-16.0.2\bin\java.dll
0x00007ff92b5b0000 - 0x00007ff92bc97000 	C:\windows\System32\SHELL32.dll
0x00007ff92c6f0000 - 0x00007ff92c798000 	C:\windows\System32\shcore.dll
0x00007ff92a0d0000 - 0x00007ff92a84b000 	C:\windows\System32\windows.storage.dll
0x00007ff92a010000 - 0x00007ff92a02e000 	C:\windows\System32\profapi.dll
0x00007ff929fc0000 - 0x00007ff92a00a000 	C:\windows\System32\powrprof.dll
0x00007ff929fb0000 - 0x00007ff929fc0000 	C:\windows\System32\UMPDC.dll
0x00007ff92be40000 - 0x00007ff92be92000 	C:\windows\System32\shlwapi.dll
0x00007ff92b080000 - 0x00007ff92b097000 	C:\windows\System32\cryptsp.dll
0x00007ff914ea0000 - 0x00007ff914eb9000 	C:\Program Files\OpenJDK\jdk-16.0.2\bin\net.dll
0x00007ff920660000 - 0x00007ff92075a000 	C:\windows\SYSTEM32\WINHTTP.dll
0x00007ff9297f0000 - 0x00007ff929857000 	C:\windows\system32\mswsock.dll
0x00007ff914e80000 - 0x00007ff914e93000 	C:\Program Files\OpenJDK\jdk-16.0.2\bin\nio.dll
0x00007ff914af0000 - 0x00007ff914b08000 	C:\Program Files\OpenJDK\jdk-16.0.2\bin\zip.dll
0x00007ff914ae0000 - 0x00007ff914af0000 	C:\Program Files\OpenJDK\jdk-16.0.2\bin\verify.dll
0x00007ff915070000 - 0x00007ff915097000 	C:\Users\repue\.gradle\native\8bec1ad78214c89d9ad589b4d07fe93259594b29d510b10fafb7a158f7737e5d\windows-amd64\native-platform.dll
0x00007ff914f30000 - 0x00007ff91506d000 	C:\Users\repue\.gradle\native\53dbd7edfb1c66fb8903c78663c9afc45aea4f116125fa6feffd364cf09443e8\windows-amd64\native-platform-file-events.dll
0x00007ff914ad0000 - 0x00007ff914ad9000 	C:\Program Files\OpenJDK\jdk-16.0.2\bin\management.dll
0x00007ff914330000 - 0x00007ff91433b000 	C:\Program Files\OpenJDK\jdk-16.0.2\bin\management_ext.dll
0x00007ff929370000 - 0x00007ff9293a3000 	C:\windows\system32\rsaenh.dll
0x00007ff92a9b0000 - 0x00007ff92a9d6000 	C:\windows\System32\bcrypt.dll
0x00007ff929ea0000 - 0x00007ff929ec5000 	C:\windows\SYSTEM32\USERENV.dll
0x00007ff9299c0000 - 0x00007ff9299cc000 	C:\windows\SYSTEM32\CRYPTBASE.dll
0x00007ff929500000 - 0x00007ff92953a000 	C:\windows\SYSTEM32\IPHLPAPI.DLL
0x00007ff92cf10000 - 0x00007ff92cf18000 	C:\windows\System32\NSI.dll
0x00007ff922090000 - 0x00007ff9220a6000 	C:\windows\SYSTEM32\dhcpcsvc6.DLL
0x00007ff921f30000 - 0x00007ff921f4c000 	C:\windows\SYSTEM32\dhcpcsvc.DLL
0x00007ff929540000 - 0x00007ff92960b000 	C:\windows\SYSTEM32\DNSAPI.dll
0x00007ff914300000 - 0x00007ff91430e000 	C:\Program Files\OpenJDK\jdk-16.0.2\bin\sunmscapi.dll
0x00007ff92a850000 - 0x00007ff92a9a1000 	C:\windows\System32\CRYPT32.dll
0x00007ff92a050000 - 0x00007ff92a062000 	C:\windows\System32\MSASN1.dll
0x00007ff929ad0000 - 0x00007ff929af6000 	C:\windows\SYSTEM32\ncrypt.dll
0x00007ff929a90000 - 0x00007ff929acb000 	C:\windows\SYSTEM32\NTASN1.dll
0x00007ff90fff0000 - 0x00007ff90fff7000 	C:\windows\system32\wshunix.dll

dbghelp: loaded successfully - version: 4.0.5 - missing functions: none
symbol engine: initialized successfully - sym options: 0x614 - pdb path: .;C:\Program Files\OpenJDK\jdk-16.0.2\bin;C:\windows\SYSTEM32;C:\Program Files\AVG\Antivirus;C:\windows\WinSxS\amd64_microsoft.windows.common-controls_6595b64144ccf1df_6.0.18362.1556_none_9e7e372fe45e41d5;C:\Program Files\OpenJDK\jdk-16.0.2\bin\server;C:\Users\repue\.gradle\native\8bec1ad78214c89d9ad589b4d07fe93259594b29d510b10fafb7a158f7737e5d\windows-amd64;C:\Users\repue\.gradle\native\53dbd7edfb1c66fb8903c78663c9afc45aea4f116125fa6feffd364cf09443e8\windows-amd64

VM Arguments:
jvm_args: --add-opens=java.base/java.util=ALL-UNNAMED --add-opens=java.base/java.lang=ALL-UNNAMED --add-opens=java.base/java.lang.invoke=ALL-UNNAMED --add-opens=java.base/java.util=ALL-UNNAMED --add-opens=java.prefs/java.util.prefs=ALL-UNNAMED --add-opens=java.prefs/java.util.prefs=ALL-UNNAMED --add-opens=java.base/java.nio.charset=ALL-UNNAMED --add-opens=java.base/java.net=ALL-UNNAMED --add-opens=java.base/java.util.concurrent.atomic=ALL-UNNAMED -XX:MaxMetaspaceSize=256m -XX:+HeapDumpOnOutOfMemoryError -Xms256m -Xmx512m -Dfile.encoding=windows-1252 -Duser.country=CL -Duser.language=es -Duser.variant 
java_command: org.gradle.launcher.daemon.bootstrap.GradleDaemon 7.1.1
java_class_path (initial): C:\Users\repue\.gradle\wrapper\dists\gradle-7.1.1-bin\f29rtwfnc96ub43tt7p47zsru\gradle-7.1.1\lib\gradle-launcher-7.1.1.jar
Launcher Type: SUN_STANDARD

[Global flags]
     intx CICompilerCount                          = 4                                         {product} {ergonomic}
   size_t CompressedClassSpaceSize                 = 218103808                                 {product} {ergonomic}
     uint ConcGCThreads                            = 2                                         {product} {ergonomic}
     uint G1ConcRefinementThreads                  = 8                                         {product} {ergonomic}
   size_t G1HeapRegionSize                         = 1048576                                   {product} {ergonomic}
    uintx GCDrainStackTargetSize                   = 64                                        {product} {ergonomic}
     bool HeapDumpOnOutOfMemoryError               = true                                   {manageable} {command line}
   size_t InitialHeapSize                          = 268435456                                 {product} {command line}
   size_t MarkStackSize                            = 4194304                                   {product} {ergonomic}
   size_t MaxHeapSize                              = 536870912                                 {product} {command line}
   size_t MaxMetaspaceSize                         = 268435456                                 {product} {command line}
   size_t MaxNewSize                               = 321912832                                 {product} {ergonomic}
   size_t MinHeapDeltaBytes                        = 1048576                                   {product} {ergonomic}
   size_t MinHeapSize                              = 268435456                                 {product} {command line}
    uintx NonNMethodCodeHeapSize                   = 5839372                                {pd product} {ergonomic}
    uintx NonProfiledCodeHeapSize                  = 122909434                              {pd product} {ergonomic}
    uintx ProfiledCodeHeapSize                     = 122909434                              {pd product} {ergonomic}
    uintx ReservedCodeCacheSize                    = 251658240                              {pd product} {ergonomic}
     bool SegmentedCodeCache                       = true                                      {product} {ergonomic}
   size_t SoftMaxHeapSize                          = 536870912                              {manageable} {ergonomic}
     bool UseCompressedClassPointers               = true                           {product lp64_product} {ergonomic}
     bool UseCompressedOops                        = true                           {product lp64_product} {ergonomic}
     bool UseG1GC                                  = true                                      {product} {ergonomic}
     bool UseLargePagesIndividualAllocation        = false                                  {pd product} {ergonomic}

Logging:
Log output configuration:
 #0: stdout all=warning uptime,level,tags
 #1: stderr all=off uptime,level,tags

Environment Variables:
JAVA_HOME=C:\Program Files\OpenJDK\jdk-16.0.2
PATH=D:\Program Files\Zulu\zulu-15\bin\;C:\Program Files (x86)\Common Files\Intel\Shared Libraries\redist\intel64\compiler;C:\Program Files (x86)\Common Files\Oracle\Java\javapath;C:\windows\system32;C:\windows;C:\windows\System32\Wbem;C:\windows\System32\WindowsPowerShell\v1.0\;C:\windows\System32\OpenSSH\;C:\Program Files (x86)\NVIDIA Corporation\PhysX\Common;D:\Program Files\NVIDIA Corporation\NVIDIA NvDLISR;C:\ProgramData\chocolatey\bin;C:\Program Files\OpenJDK\jdk-16.0.2\bin;C:\Program Files\jdk-15\bin;C:\Program Files\Java\jdk-15\bin;C:\Program Files\Java\jdk-15\bin;D:\Program Files\PuTTY\;D:\Program Files\Git\cmd;C:\Users\repue\.cargo\bin;C:\Users\repue\AppData\Local\Programs\Python\Launcher\;C:\Users\repue\AppData\Local\Microsoft\WindowsApps;C:\Users\repue\AppData\Local\GitHubDesktop\bin;D:\VSCode\Microsoft VS Code\bin;D:\Program Files\JetBrains\IntelliJ IDEA 2021.2\bin;;D:\Program Files\JetBrains\PyCharm 2021.2.2\bin;;D:\Program Files\JetBrains\CLion 2021.2.2\bin;
USERNAME=Andrea PC
OS=Windows_NT
PROCESSOR_IDENTIFIER=Intel64 Family 6 Model 158 Stepping 10, GenuineIntel



---------------  S Y S T E M  ---------------

OS:
 Windows 10 , 64 bit Build 18362 (10.0.18362.1500)
OS uptime: 3 days 15:42 hours

CPU: total 8 (initial active 8) (4 cores per cpu, 2 threads per core) family 6 model 158 stepping 10 microcode 0xde, cx8, cmov, fxsr, ht, mmx, 3dnowpref, sse, sse2, sse3, ssse3, sse4.1, sse4.2, popcnt, lzcnt, tsc, tscinvbit, avx, avx2, aes, erms, clmul, bmi1, bmi2, adx, fma, vzeroupper, clflush, clflushopt

Memory: 4k page, system-wide physical 8033M (524M free)
TotalPageFile size 12129M (AvailPageFile size 14M)
current process WorkingSet (physical memory assigned to process): 413M, peak: 442M
current process commit charge ("private bytes"): 501M, peak: 533M

vm_info: OpenJDK 64-Bit Server VM (16.0.2+7-67) for windows-amd64 JRE (16.0.2+7-67), built on Jun  8 2021 23:21:43 by "mach5one" with MS VC++ 16.7 (VS2019)

END.
